#
# There is insufficient memory for the Java Runtime Environment to continue.
# Native memory allocation (mmap) failed to map 130023424 bytes for G1 virtual space
# Possible reasons:
#   The system is out of physical RAM or swap space
#   The process is running with CompressedOops enabled, and the Java Heap may be blocking the growth of the native heap
# Possible solutions:
#   Reduce memory load on the system
#   Increase physical memory or swap space
#   Check if swap backing store is full
#   Decrease Java heap size (-Xmx/-Xms)
#   Decrease number of Java threads
#   Decrease Java thread stack sizes (-Xss)
#   Set larger code cache with -XX:ReservedCodeCacheSize=
#   JVM is running with Unscaled Compressed Oops mode in which the Java heap is
#     placed in the first 4GB address space. The Java Heap base address is the
#     maximum limit for the native heap growth. Please use -XX:HeapBaseMinAddress
#     to set the Java Heap base and to place the Java Heap above 4GB virtual address.
# This output file may be truncated or incomplete.
#
#  Out of Memory Error (os_windows.cpp:3604), pid=11948, tid=756
#
# JRE version:  (21.0.10+8) (build )
# Java VM: Java HotSpot(TM) 64-Bit Server VM (21.0.10+8-LTS-217, mixed mode, sharing, tiered, compressed oops, compressed class ptrs, g1 gc, windows-amd64)
# No core dump will be written. Minidumps are not enabled by default on client versions of Windows
#

---------------  S U M M A R Y ------------

Command Line: -Dsun.stdout.encoding=UTF-8 -Dsun.stderr.encoding=UTF-8 com.libreria.edex.MainView

Host: Intel(R) Core(TM) i3-N305, 8 cores, 7G,  Windows 11 , 64 bit Build 26100 (10.0.26100.8246)
Time: Tue May 12 15:05:49 2026 Hora est嫕dar de Paraguay elapsed time: 1.800058 seconds (0d 0h 0m 1s)

---------------  T H R E A D  ---------------

Current thread (0x0000021a62449750):  JavaThread "Unknown thread" [_thread_in_vm, id=756, stack(0x0000007b08200000,0x0000007b08300000) (1024K)]

Stack: [0x0000007b08200000,0x0000007b08300000]
Native frames: (J=compiled Java code, j=interpreted, Vv=VM code, C=native code)
V  [jvm.dll+0x6d0b59]
V  [jvm.dll+0x85fd56]
V  [jvm.dll+0x86224e]
V  [jvm.dll+0x862923]
V  [jvm.dll+0x282a16]
V  [jvm.dll+0x6cd405]
V  [jvm.dll+0x6c1f8a]
V  [jvm.dll+0x35bcc8]
V  [jvm.dll+0x363986]
V  [jvm.dll+0x3b4a3e]
V  [jvm.dll+0x3b4ce8]
V  [jvm.dll+0x32f98c]
V  [jvm.dll+0x3304db]
V  [jvm.dll+0x829d3e]
V  [jvm.dll+0x3c19d1]
V  [jvm.dll+0x812c0a]
V  [jvm.dll+0x4543d1]
V  [jvm.dll+0x455e21]
C  [jli.dll+0x5310]
C  [ucrtbase.dll+0x37b0]
C  [KERNEL32.DLL+0x2e8d7]
C  [ntdll.dll+0x8c3fc]


---------------  P R O C E S S  ---------------

Threads class SMR info:
_java_thread_list=0x00007ffc7db58c88, length=0, elements={
}

Java Threads: ( => current thread )
Total: 0

Other Threads:
  0x0000021a64743600 WorkerThread "GC Thread#0"                     [id=9620, stack(0x0000007b08300000,0x0000007b08400000) (1024K)]
  0x0000021a647543a0 ConcurrentGCThread "G1 Main Marker"            [id=10452, stack(0x0000007b08400000,0x0000007b08500000) (1024K)]
  0x0000021a64757cb0 WorkerThread "G1 Conc#0"                       [id=6776, stack(0x0000007b08500000,0x0000007b08600000) (1024K)]

[error occurred during error reporting (printing all threads), id 0xc0000005, EXCEPTION_ACCESS_VIOLATION (0xc0000005) at pc=0x00007ffc7d2c2447]
VM state: not at safepoint (not fully initialized)

VM Mutex/Monitor currently owned by a thread:  ([mutex/lock_event])
[0x00007ffc7dbca010] Heap_lock - owner thread: 0x0000021a62449750

Heap address: 0x0000000085e00000, size: 1954 MB, Compressed Oops mode: 32-bit

CDS archive(s) mapped at: [0x0000000000000000-0x0000000000000000-0x0000000000000000), size 0, SharedBaseAddress: 0x0000000800000000, ArchiveRelocationMode: 1.
Narrow klass base: 0x0000000000000000, Narrow klass shift: 0, Narrow klass range: 0x0

GC Precious Log:
 CardTable entry size: 512
 Card Set container configuration: InlinePtr #cards 5 size 8 Array Of Cards #cards 12 size 40 Howl #buckets 4 coarsen threshold 1843 Howl Bitmap #cards 512 size 80 coarsen threshold 460 Card regions per heap region 1 cards per card region 2048

Heap:
 garbage-first heap   total 0K, used 0K [0x0000000085e00000, 0x0000000100000000)
  region size 1024K, 0 young (0K), 0 survivors (0K)

[error occurred during error reporting (printing heap information), id 0xc0000005, EXCEPTION_ACCESS_VIOLATION (0xc0000005) at pc=0x00007ffc7d6aac39]
GC Heap History (0 events):
No events

Dll operation events (1 events):
Event: 0.013 Loaded shared library C:\Program Files\Java\jdk-21.0.10\bin\java.dll

Deoptimization events (0 events):
No events

Classes loaded (0 events):
No events

Classes unloaded (0 events):
No events

Classes redefined (0 events):
No events

Internal exceptions (0 events):
No events

ZGC Phase Switch (0 events):
No events

VM Operations (0 events):
No events

Events (0 events):
No events


Dynamic libraries:
0x00007ff77c390000 - 0x00007ff77c3a0000 	C:\Program Files\Java\jdk-21.0.10\bin\java.exe
0x00007ffceb320000 - 0x00007ffceb587000 	C:\WINDOWS\SYSTEM32\ntdll.dll
0x00007ffce9d70000 - 0x00007ffce9e39000 	C:\WINDOWS\System32\KERNEL32.DLL
0x00007ffce88d0000 - 0x00007ffce8cc4000 	C:\WINDOWS\System32\KERNELBASE.dll
0x00007ffce8780000 - 0x00007ffce88cb000 	C:\WINDOWS\System32\ucrtbase.dll
0x00007ffcd3870000 - 0x00007ffcd3889000 	C:\Program Files\Java\jdk-21.0.10\bin\jli.dll
0x00007ffcd10e0000 - 0x00007ffcd10fe000 	C:\Program Files\Java\jdk-21.0.10\bin\VCRUNTIME140.dll
0x00007ffce99e0000 - 0x00007ffce9a96000 	C:\WINDOWS\System32\ADVAPI32.dll
0x00007ffcea520000 - 0x00007ffcea5c9000 	C:\WINDOWS\System32\msvcrt.dll
0x00007ffcea140000 - 0x00007ffcea1e7000 	C:\WINDOWS\System32\sechost.dll
0x00007ffceaa40000 - 0x00007ffceab58000 	C:\WINDOWS\System32\RPCRT4.dll
0x00007ffce9b70000 - 0x00007ffce9d35000 	C:\WINDOWS\System32\USER32.dll
0x00007ffce8cd0000 - 0x00007ffce8cf7000 	C:\WINDOWS\System32\win32u.dll
0x00007ffcea830000 - 0x00007ffcea85b000 	C:\WINDOWS\System32\GDI32.dll
0x00007ffce7d30000 - 0x00007ffce7e5b000 	C:\WINDOWS\System32\gdi32full.dll
0x00007ffccc060000 - 0x00007ffccc2f3000 	C:\WINDOWS\WinSxS\amd64_microsoft.windows.common-controls_6595b64144ccf1df_6.0.26100.8115_none_3e075c82e3354f9c\COMCTL32.dll
0x00007ffce7e60000 - 0x00007ffce7f03000 	C:\WINDOWS\System32\msvcp_win.dll
0x00007ffcd3dc0000 - 0x00007ffcd3dcb000 	C:\WINDOWS\SYSTEM32\VERSION.dll
0x00007ffcea7f0000 - 0x00007ffcea822000 	C:\WINDOWS\System32\IMM32.DLL
0x00007ffcca5e0000 - 0x00007ffcca5ec000 	C:\Program Files\Java\jdk-21.0.10\bin\vcruntime140_1.dll
0x00007ffcb73c0000 - 0x00007ffcb744d000 	C:\Program Files\Java\jdk-21.0.10\bin\msvcp140.dll
0x00007ffc7cf80000 - 0x00007ffc7dca7000 	C:\Program Files\Java\jdk-21.0.10\bin\server\jvm.dll
0x00007ffcea2c0000 - 0x00007ffcea340000 	C:\WINDOWS\System32\WS2_32.dll
0x00007ffce7a70000 - 0x00007ffce7ace000 	C:\WINDOWS\SYSTEM32\POWRPROF.dll
0x00007ffcdc590000 - 0x00007ffcdc5c6000 	C:\WINDOWS\SYSTEM32\WINMM.dll
0x00007ffce7a50000 - 0x00007ffce7a64000 	C:\WINDOWS\SYSTEM32\UMPDC.dll
0x00007ffce6980000 - 0x00007ffce699b000 	C:\WINDOWS\SYSTEM32\kernel.appcore.dll
0x00007ffcc9b90000 - 0x00007ffcc9b9a000 	C:\Program Files\Java\jdk-21.0.10\bin\jimage.dll
0x00007ffce5d20000 - 0x00007ffce5f62000 	C:\WINDOWS\SYSTEM32\DBGHELP.DLL
0x00007ffce90b0000 - 0x00007ffce9432000 	C:\WINDOWS\System32\combase.dll
0x00007ffcea690000 - 0x00007ffcea768000 	C:\WINDOWS\System32\OLEAUT32.dll
0x00007ffcc9a30000 - 0x00007ffcc9a6b000 	C:\WINDOWS\SYSTEM32\dbgcore.DLL
0x00007ffce7c80000 - 0x00007ffce7d25000 	C:\WINDOWS\System32\bcryptPrimitives.dll
0x00007ffcb82c0000 - 0x00007ffcb82e1000 	C:\Program Files\Java\jdk-21.0.10\bin\java.dll

dbghelp: loaded successfully - version: 4.0.5 - missing functions: none
symbol engine: initialized successfully - sym options: 0x614 - pdb path: .;C:\Program Files\Java\jdk-21.0.10\bin;C:\WINDOWS\SYSTEM32;C:\WINDOWS\WinSxS\amd64_microsoft.windows.common-controls_6595b64144ccf1df_6.0.26100.8115_none_3e075c82e3354f9c;C:\Program Files\Java\jdk-21.0.10\bin\server

VM Arguments:
jvm_args: -Dsun.stdout.encoding=UTF-8 -Dsun.stderr.encoding=UTF-8 
java_command: com.libreria.edex.MainView
java_class_path (initial): C:\Users\alexp\OneDrive\Documentos\NetBeansProjects\LibreriaWeb\target\classes;C:\Users\alexp\.m2\repository\com\vaadin\vaadin-spring-boot-starter\24.3.10\vaadin-spring-boot-starter-24.3.10.jar;C:\Users\alexp\.m2\repository\com\vaadin\vaadin-spring\24.3.9\vaadin-spring-24.3.9.jar;C:\Users\alexp\.m2\repository\com\vaadin\flow-server\24.3.9\flow-server-24.3.9.jar;C:\Users\alexp\.m2\repository\com\vaadin\servletdetector\throw-if-servlet3\1.0.2\throw-if-servlet3-1.0.2.jar;C:\Users\alexp\.m2\repository\com\vaadin\external\gwt\gwt-elemental\2.8.2.vaadin2\gwt-elemental-2.8.2.vaadin2.jar;C:\Users\alexp\.m2\repository\org\apache\commons\commons-fileupload2-jakarta\2.0.0-M1\commons-fileupload2-jakarta-2.0.0-M1.jar;C:\Users\alexp\.m2\repository\org\apache\commons\commons-fileupload2-core\2.0.0-M1\commons-fileupload2-core-2.0.0-M1.jar;C:\Users\alexp\.m2\repository\commons-io\commons-io\2.15.0\commons-io-2.15.0.jar;C:\Users\alexp\.m2\repository\com\fasterxml\jackson\core\jackson-core\2.15.4\jackson-core-2.15.4.jar;C:\Users\alexp\.m2\repository\org\jsoup\jsoup\1.17.2\jsoup-1.17.2.jar;C:\Users\alexp\.m2\repository\com\helger\ph-css\7.0.1\ph-css-7.0.1.jar;C:\Users\alexp\.m2\repository\com\helger\commons\ph-commons\11.1.0\ph-commons-11.1.0.jar;C:\Users\alexp\.m2\repository\org\ow2\asm\asm\9.6\asm-9.6.jar;C:\Users\alexp\.m2\repository\com\vaadin\external\gentyref\1.2.0.vaadin1\gentyref-1.2.0.vaadin1.jar;C:\Users\alexp\.m2\repository\org\apache\commons\commons-compress\1.26.1\commons-compress-1.26.1.jar;C:\Users\alexp\.m2\repository\commons-codec\commons-codec\1.16.1\commons-codec-1.16.1.jar;C:\Users\alexp\.m2\repository\org\apache\commons\commons-lang3\3.13.0\commons-lang3-3.13.0.jar;C:\Users\alexp\.m2\repository\com\vaadin\flow-push\24.3.9\flow-push-24.3.9.jar;C:\Users\alexp\.m2\repository\com\vaadin\external\atmosphere\atmosphere-runtime\3.0.5.slf4jvaadin1\atmosphere-runtime-3.0.5.slf4jvaadin1.jar;C:\Users\alexp\.m2\repository\com\vaadin\flow-client\24.3.9\flow-client-24.3.9.jar;C:\Users\alexp\.m2\repository\org\springframework\spring-websocket\6.1.6\spring-websocket-6.1.6.jar;C:\Users\alexp\.m2\repository\org\reflections\reflections\0.10.2\reflections-0.10.2.jar;C:\Users\alexp\.m2\repository\org\javassist\javassist\3.28.0-GA\javassist-3.28.0-GA.jar;C:\Users\alexp\.m2\repository\com\google\code\findbugs\jsr305\3.0.2\jsr305-3.0.2.jar;C:\Users\alexp\.m2\repository\com\vaadin\vaadin-core\24.3.10\vaadin-core-24.3.10.jar;C:\Users\alexp\.m2\repository\com\vaadin\vaadin-core-internal\24.3.10\vaadin-core-internal-24.3.10.jar;C:\Users\alexp\.m2\repository\com\vaadin\flow-lit-template\24.3.9\flow-lit-template-24.3.9.jar;C:\Users\alexp\.m2\repository\com\vaadin\flow-html-components\24.3.9\flow-html-components-24.3.9.jar;C:\Users\alexp\.m2\repository\com\vaadin\flow-data\24.3.9\flow-data-24.3.9.jar;C:\Users\alexp\.m2\repository\com\vaadin\flow-dnd\24.3.9\flow-dnd-24.3.9.jar;C:\Users\alexp\.m2\repository\com\vaadin\vaadin-lumo-theme\24.3.10\vaadin-lumo-theme-24.3.10.jar;C:\Users\alexp\.m2\repository\com\vaadin\vaadin-material-theme\24.3.10\vaadin-material-theme-24.3.10.jar;C:\Users\alexp\.m2\repository\com\vaadin\vaadin-accordion-flow\24.3.10\vaadin-accordion-flow-24.3.10.jar;C:\Users\alexp\.m2\repository\com\vaadin\vaadin-avatar-flow\24.3.10\vaadin-avatar-flow-24.3.10.jar;C:\Users\alexp\.m2\repository\com\vaadin\vaadin-flow-components-base\24.3.10\vaadin-flow-components-base-24.3.10.jar;C:\Users\alexp\.m2\repository\com\vaadin\vaadin-button-flow\24.3.10\vaadin-button-flow-24.3.10.jar;C:\Users\alexp\.m2\repository\com\vaadin\vaadin-checkbox-flow\24.3.10\vaadin-checkbox-flow-24.3.10.jar;C:\Users\alexp\.m2\repository\com\vaadin\vaadin-combo-box-flow\24.3.10\vaadin-combo-box-flow-24.3.10.jar;C:\Users\alexp\.m2\repository\com\vaadin\vaadin-confirm-dialog-flow\24.3.10\vaadin-confirm-dialog-flow-24.3.10.jar;C:\Users\alexp\.m2\repository\com\vaadin\vaadin-custom-field-flow\24.3.10\vaadin-custom-field-flow-24.3.10.jar;C:\Users\alexp\.m2\repository\com\vaadin\vaadin-date-picker-flow\24.3.10\vaadin-date-picker-flow-24.3.10.jar;C:\Users\alexp\.m2\repository\com\vaadin\vaadin-date-time-picker-flow\24.3.10\vaadin-date-time-picker-flow-24.3.10.jar;C:\Users\alexp\.m2\repository\com\vaadin\vaadin-details-flow\24.3.10\vaadin-details-flow-24.3.10.jar;C:\Users\alexp\.m2\repository\com\vaadin\vaadin-time-picker-flow\24.3.10\vaadin-time-picker-flow-24.3.10.jar;C:\Users\alexp\.m2\repository\com\vaadin\vaadin-select-flow\24.3.10\vaadin-select-flow-24.3.10.jar;C:\Users\alexp\.m2\repository\com\vaadin\vaadin-side-nav-flow\24.3.10\vaadin-side-nav-flow-24.3.10.jar;C:\Users\alexp\.m2\repository\com\vaadin\vaadin-dialog-flow\24.3.10\vaadin-dialog-flow-24.3.10.jar;C:\Users\alexp\.m2\repository\com\vaadin\vaadin-form-layout-flow\24.3.10\vaadin-form-layout-flow-24.3.10.jar;C:\Users\alexp\.m2\repository\com\vaadin\vaadin-field-highlighter-flow\24.3.10\vaadin-field-highlighter-flow-24.3.10.jar;C:\Users\alexp\.m2\repository\com\vaadin\vaadin-grid-flow\24.3.10\vaadin-grid-flow-24.3.10.jar;C:\Users\alexp\.m2\repository\com\vaadin\vaadin-icons-flow\24.3.10\vaadin-icons-flow-24.3.10.jar;C:\Users\alexp\.m2\repository\com\vaadin\vaadin-virtual-list-flow\24.3.10\vaadin-virtual-list-flow-24.3.10.jar;C:\Users\alexp\.m2\repository\com\vaadin\vaadin-list-box-flow\24.3.10\vaadin-list-box-flow-24.3.10.jar;C:\Users\alexp\.m2\repository\com\vaadin\vaadin-login-flow\24.3.10\vaadin-login-flow-24.3.10.jar;C:\Users\alexp\.m2\repository\com\vaadin\vaadin-messages-flow\24.3.10\vaadin-messages-flow-24.3.10.jar;C:\Users\alexp\.m2\repository\com\vaadin\vaadin-ordered-layout-flow\24.3.10\vaadin-ordered-layout-flow-24.3.10.jar;C:\Users\alexp\.m2\repository\com\vaadin\vaadin-progress-bar-flow\24.3.10\vaadin-progress-bar-flow-24.3.10.jar;C:\Users\alexp\.m2\repository\com\vaadin\vaadin-radio-button-flow\24.3.10\vaadin-radio-button-flow-24.3.10.jar;C:\Users\alexp\.m2\repository\com\vaadin\vaadin-renderer-flow\24.3.10\vaadin-renderer-flow-24.3.10.jar;C:\Users\alexp\.m2\repository\com\vaadin\vaadin-split-layout-flow\24.3.10\vaadin-split-layout-flow-24.3.10.jar;C:\Users\alexp\.m2\repository\com\vaadin\vaadin-tabs-flow\24.3.10\vaadin-tabs-flow-24.3.10.jar;C:\Users\alexp\.m2\repository\com\vaadin\vaadin-text-field-flow\24.3.10\vaadin-text-field-flow-24.3.10.jar;C:\Users\alexp\.m2\repository\com\vaadin\vaadin-upload-flow\24.3.10\vaadin-upload-flow-24.3.10.jar;C:\Users\alexp\.m2\repository\com\vaadin\vaadin-notification-flow\24.3.10\vaadin-notification-flow-24.3.10.jar;C:\Users\alexp\.m2\repository\com\vaadin\vaadin-app-layout-flow\24.3.10\vaadin-app-layout-flow-24.3.10.jar;C:\Users\alexp\.m2\repository\com\vaadin\vaadin-context-menu-flow\24.3.10\vaadin-context-menu-flow-24.3.10.jar;C:\Users\alexp\.m2\repository\com\vaadin\vaadin-menu-bar-flow\24.3.10\vaadin-menu-bar-flow-24.3.10.jar;C:\Users\alexp\.m2\repository\com\vaadin\vaadin-dev\24.3.10\vaadin-dev-24.3.10.jar;C:\Users\alexp\.m2\repository\com\vaadin\vaadin-dev-server\24.3.9\vaadin-dev-server-24.3.9.jar;C:\Users\alexp\.m2\repository\com\vaadin\license-checker\1.12.8\license-checker-1.12.8.jar;C:\Users\alexp\.m2\repository\com\github\oshi\oshi-core\6.4.10\oshi-core-6.4.10.jar;C:\Users\alexp\.m2\repository\net\java\dev\jna\jna\5.14.0\jna-5.14.0.jar;C:\Users\alexp\.m2\repository\net\java\dev\jna\jna-platform\5.14.0\jna-platform-5.14.0.jar;C:\Users\alexp\.m2\repository\com\nimbusds\nimbus-jose-jwt\9.37.3\nimbus-jose-jwt-9.37.3.jar;C:\Users\alexp\.m2\repository\org\lucee\jcip-annotations\1.0.0\jcip-annotations-1.0.0.jar;C:\Users\alexp\.m2\repository\com\vaadin\open\8.5.0\open-8.5.0.jar;C:\Users\alexp\.m2\repository\com\github\javaparser\javaparser-core\3.25.6\javaparser-core-3.25.6.jar;C:\Users\alexp\.m2\repository\io\methvin\directory-watcher\0.18.0\directory-watcher-0.18.0.jar;C:\Users\alexp\.m2\repository\com\vaadin\vaadin-dev-bundle\24.3.10\vaadin-dev-bundle-24.3.10.jar;C:\Users\alexp\.m2\repository\org\springframework\boot\spring-boot-starter-web\3.2.5\spring-boot-starter-web-3.2.5.jar;C:\Users\alexp\.m2\repository\org\springframework\boot\spring-boot-starter\3.2.5\spring-boot-starter-3.2.5.jar;C:\Users\alexp\.m2\repository\org\springframework\boot\spring-boot-starter-logging\3.2.5\spring-boot-starter-logging-3.2.5.jar;C:\Users\alexp\.m2\repository\ch\qos\logback\logback-classic\1.4.14\logback-classic-1.4.14.jar;C:\Users\alexp\.m2\repository\ch\qos\logback\logback-core\1.4.14\logback-core-1.4.14.jar;C:\Users\alexp\.m2\repository\org\apache\logging\log4j\log4j-to-slf4j\2.21.1\log4j-to-slf4j-2.21.1.jar;C:\Users\alexp\.m2\repository\org\apache\logging\log4j\log4j-api\2.21.1\log4j-api-2.21.1.jar;C:\Users\alexp\.m2\repository\org\slf4j\jul-to-slf4j\2.0.13\jul-to-slf4j-2.0.13.jar;C:\Users\alexp\.m2\repository\jakarta\annotation\jakarta.annotation-api\2.1.1\jakarta.annotation-api-2.1.1.jar;C:\Users\alexp\.m2\repository\org\yaml\snakeyaml\2.2\snakeyaml-2.2.jar;C:\Users\alexp\.m2\repository\org\springframework\boot\spring-boot-starter-json\3.2.5\spring-boot-starter-json-3.2.5.jar;C:\Users\alexp\.m2\repository\com\fasterxml\jackson\core\jackson-databind\2.15.4\jackson-databind-2.15.4.jar;C:\Users\alexp\.m2\repository\com\fasterxml\jackson\core\jackson-annotations\2.15.4\jackson-annotations-2.15.4.jar;C:\Users\alexp\.m2\repository\com\fasterxml\jackson\datatype\jackson-datatype-jdk8\2.15.4\jackson-datatype-jdk8-2.15.4.jar;C:\Users\alexp\.m2\repository\com\fasterxml\jackson\datatype\jackson-datatype-jsr310\2.15.4\jackson-datatype-jsr310-2.15.4.jar;C:\Users\alexp\.m2\repository\com\fasterxml\jackson\module\jackson-module-parameter-names\2.15.4\jackson-module-parameter-names-2.15.4.jar;C:\Users\alexp\.m2\repository\org\springframework\boot\spring-boot-starter-tomcat\3.2.5\spring-boot-starter-tomcat-3.2.5.jar;C:\Users\alexp\.m2\repository\org\apache\tomcat\embed\tomcat-embed-core\10.1.20\tomcat-embed-core-10.1.20.jar;C:\Users\alexp\.m2\repository\org\apache\tomcat\embed\tomcat-embed-websocket\10.1.20\tomcat-embed-websocket-10.1.20.jar;C:\Users\alexp\.m2\repository\org\springframework\spring-web\6.1.6\spring-web-6.1.6.jar;C:\Users\alexp\.m2\repository\org\springframework\spring-beans\6.1.6\spring-beans-6.1.6.jar;C:\Users\alexp\.m2\repository\io\micrometer\micrometer-observation\1.12.5\micrometer-observation-1.12.5.jar;C:\Users\alexp\.m2\repository\io\micrometer\micrometer-commons\1.12.5\micrometer-commons-1.12.5.jar;C:\Users\alexp\.m2\repository\org\springframework\spring-webmvc\6.1.6\spring-webmvc-6.1.6.jar;C:\Users\alexp\.m2\repository\org\springframework\spring-context\6.1.6\spring-context-6.1.6.jar;C:\Users\alexp\.m2\repository\org\springframework\spring-expression\6.1.6\spring-expression-6.1.6.jar;C:\Users\alexp\.m2\repository\org\springframework\boot\spring-boot-starter-data-jpa\3.2.5\spring-boot-starter-data-jpa-3.2.5.jar;C:\Users\alexp\.m2\repository\org\springframework\boot\spring-boot-starter-aop\3.2.5\spring-boot-starter-aop-3.2.5.jar;C:\Users\alexp\.m2\repository\org\aspectj\aspectjweaver\1.9.22\aspectjweaver-1.9.22.jar;C:\Users\alexp\.m2\repository\org\springframework\boot\spring-boot-starter-jdbc\3.2.5\spring-boot-starter-jdbc-3.2.5.jar;C:\Users\alexp\.m2\repository\com\zaxxer\HikariCP\5.0.1\HikariCP-5.0.1.jar;C:\Users\alexp\.m2\repository\org\springframework\spring-jdbc\6.1.6\spring-jdbc-6.1.6.jar;C:\Users\alexp\.m2\repository\org\hibernate\orm\hibernate-core\6.4.4.Final\hibernate-core-6.4.4.Final.jar;C:\Users\alexp\.m2\repository\jakarta\persistence\jakarta.persistence-api\3.1.0\jakarta.persistence-api-3.1.0.jar;C:\Users\alexp\.m2\repository\jakarta\transaction\jakarta.transaction-api\2.0.1\jakarta.transaction-api-2.0.1.jar;C:\Users\alexp\.m2\repository\org\jboss\logging\jboss-logging\3.5.3.Final\jboss-logging-3.5.3.Final.jar;C:\Users\alexp\.m2\repository\org\hibernate\common\hibernate-commons-annotations\6.0.6.Final\hibernate-commons-annotations-6.0.6.Final.jar;C:\Users\alexp\.m2\repository\io\smallrye\jandex\3.1.2\jandex-3.1.2.jar;C:\Users\alexp\.m2\repository\com\fasterxml\classmate\1.6.0\classmate-1.6.0.jar;C:\Users\alexp\.m2\repository\net\bytebuddy\byte-buddy\1.14.13\byte-buddy-1.14.13.jar;C:\Users\alexp\.m2\repository\org\glassfish\jaxb\jaxb-runtime\4.0.5\jaxb-runtime-4.0.5.jar;C:\Users\alexp\.m2\repository\org\glassfish\jaxb\jaxb-core\4.0.5\jaxb-core-4.0.5.jar;C:\Users\alexp\.m2\repository\org\eclipse\angus\angus-activation\2.0.2\angus-activation-2.0.2.jar;C:\Users\alexp\.m2\repository\org\glassfish\jaxb\txw2\4.0.5\txw2-4.0.5.jar;C:\Users\alexp\.m2\repository\com\sun\istack\istack-commons-runtime\4.1.2\istack-commons-runtime-4.1.2.jar;C:\Users\alexp\.m2\repository\jakarta\inject\jakarta.inject-api\2.0.1\jakarta.inject-api-2.0.1.jar;C:\Users\alexp\.m2\repository\org\antlr\antlr4-runtime\4.13.0\antlr4-runtime-4.13.0.jar;C:\Users\alexp\.m2\repository\org\springframework\data\spring-data-jpa\3.2.5\spring-data-jpa-3.2.5.jar;C:\Users\alexp\.m2\repository\org\springframework\data\spring-data-commons\3.2.5\spring-data-commons-3.2.5.jar;C:\Users\alexp\.m2\repository\org\springframework\spring-orm\6.1.6\spring-orm-6.1.6.jar;C:\Users\alexp\.m2\repository\org\springframework\spring-tx\6.1.6\spring-tx-6.1.6.jar;C:\Users\alexp\.m2\repository\org\slf4j\slf4j-api\2.0.13\slf4j-api-2.0.13.jar;C:\Users\alexp\.m2\repository\org\springframework\spring-aspects\6.1.6\spring-aspects-6.1.6.jar;C:\Users\alexp\.m2\repository\org\springframework\boot\spring-boot-starter-security\3.2.5\spring-boot-starter-security-3.2.5.jar;C:\Users\alexp\.m2\repository\org\springframework\spring-aop\6.1.6\spring-aop-6.1.6.jar;C:\Users\alexp\.m2\repository\org\springframework\security\spring-security-config\6.2.4\spring-security-config-6.2.4.jar;C:\Users\alexp\.m2\repository\org\springframework\security\spring-security-core\6.2.4\spring-security-core-6.2.4.jar;C:\Users\alexp\.m2\repository\org\springframework\security\spring-security-crypto\6.2.4\spring-security-crypto-6.2.4.jar;C:\Users\alexp\.m2\repository\org\springframework\security\spring-security-web\6.2.4\spring-security-web-6.2.4.jar;C:\Users\alexp\.m2\repository\org\springframework\boot\spring-boot-starter-validation\3.2.5\spring-boot-starter-validation-3.2.5.jar;C:\Users\alexp\.m2\repository\org\apache\tomcat\embed\tomcat-embed-el\10.1.20\tomcat-embed-el-10.1.20.jar;C:\Users\alexp\.m2\repository\org\hibernate\validator\hibernate-validator\8.0.1.Final\hibernate-validator-8.0.1.Final.jar;C:\Users\alexp\.m2\repository\jakarta\validation\jakarta.validation-api\3.0.2\jakarta.validation-api-3.0.2.jar;C:\Users\alexp\.m2\repository\com\h2database\h2\2.2.224\h2-2.2.224.jar;C:\Users\alexp\.m2\repository\org\springframework\boot\spring-boot-devtools\3.2.5\spring-boot-devtools-3.2.5.jar;C:\Users\alexp\.m2\repository\org\springframework\boot\spring-boot\3.2.5\spring-boot-3.2.5.jar;C:\Users\alexp\.m2\repository\org\springframework\boot\spring-boot-autoconfigure\3.2.5\spring-boot-autoconfigure-3.2.5.jar;C:\Users\alexp\.m2\repository\jakarta\xml\bind\jakarta.xml.bind-api\4.0.2\jakarta.xml.bind-api-4.0.2.jar;C:\Users\alexp\.m2\repository\jakarta\activation\jakarta.activation-api\2.1.3\jakarta.activation-api-2.1.3.jar;C:\Users\alexp\.m2\repository\org\springframework\spring-core\6.1.6\spring-core-6.1.6.jar;C:\Users\alexp\.m2\repository\org\springframework\spring-jcl\6.1.6\spring-jcl-6.1.6.jar
Launcher Type: SUN_STANDARD

[Global flags]
     intx CICompilerCount                          = 4                                         {product} {ergonomic}
     uint ConcGCThreads                            = 2                                         {product} {ergonomic}
     uint G1ConcRefinementThreads                  = 8                                         {product} {ergonomic}
   size_t G1HeapRegionSize                         = 1048576                                   {product} {ergonomic}
    uintx GCDrainStackTargetSize                   = 64                                        {product} {ergonomic}
   size_t InitialHeapSize                          = 130023424                                 {product} {ergonomic}
   size_t MarkStackSize                            = 4194304                                   {product} {ergonomic}
   size_t MaxHeapSize                              = 2048917504                                {product} {ergonomic}
   size_t MinHeapDeltaBytes                        = 1048576                                   {product} {ergonomic}
   size_t MinHeapSize                              = 8388608                                   {product} {ergonomic}
    uintx NonNMethodCodeHeapSize                   = 5839372                                {pd product} {ergonomic}
    uintx NonProfiledCodeHeapSize                  = 122909434                              {pd product} {ergonomic}
    uintx ProfiledCodeHeapSize                     = 122909434                              {pd product} {ergonomic}
    uintx ReservedCodeCacheSize                    = 251658240                              {pd product} {ergonomic}
     bool SegmentedCodeCache                       = true                                      {product} {ergonomic}
   size_t SoftMaxHeapSize                          = 2048917504                             {manageable} {ergonomic}
     bool UseCompressedOops                        = true                           {product lp64_product} {ergonomic}
     bool UseG1GC                                  = true                                      {product} {ergonomic}
     bool UseLargePagesIndividualAllocation        = false                                  {pd product} {ergonomic}

Logging:
Log output configuration:
 #0: stdout all=warning uptime,level,tags foldmultilines=false
 #1: stderr all=off uptime,level,tags foldmultilines=false

Environment Variables:
JAVA_HOME=C:\Program Files\Java\jdk-21.0.10
JAVA_TOOL_OPTIONS= -Dsun.stdout.encoding=UTF-8 -Dsun.stderr.encoding=UTF-8
PATH=C:\Program Files\Common Files\Oracle\Java\javapath;C:\Program Files\Microsoft MPI\Bin\;C:\WINDOWS\system32;C:\WINDOWS;C:\WINDOWS\System32\Wbem;C:\WINDOWS\System32\WindowsPowerShell\v1.0\;C:\WINDOWS\System32\OpenSSH\;C:\Program Files\dotnet\;C:\Program Files\Git\cmd;C:\Program Files\Cloudflare\Cloudflare WARP\;C:\Program Files\MySQL\MySQL Shell 8.0\bin\;C:\apache-maven-3.9.12\bin;C:\Users\alexp\AppData\Local\Programs\Microsoft VS Code\bin;C:\Program Files\Java\jdk-26\bin;C:\Users\alexp\AppData\Local\GitHubDesktop\bin;C:\Program Files\Apache NetBeans\bin\
USERNAME=alexp
OS=Windows_NT
PROCESSOR_IDENTIFIER=Intel64 Family 6 Model 190 Stepping 0, GenuineIntel
TMP=C:\Users\alexp\AppData\Local\Temp
TEMP=C:\Users\alexp\AppData\Local\Temp




Periodic native trim disabled

---------------  S Y S T E M  ---------------

OS:
 Windows 11 , 64 bit Build 26100 (10.0.26100.8246)
OS uptime: 0 days 1:59 hours

CPU: total 8 (initial active 8) (8 cores per cpu, 1 threads per core) family 6 model 190 stepping 0 microcode 0x15, cx8, cmov, fxsr, mmx, 3dnowpref, sse, sse2, sse3, ssse3, sse4.1, sse4.2, popcnt, lzcnt, tsc, tscinvbit, avx, avx2, aes, erms, clmul, bmi1, bmi2, adx, sha, fma, vzeroupper, clflush, clflushopt, clwb, serialize, rdtscp, rdpid, fsrm, f16c, pku, cet_ibt, cet_ss
Processor Information for processor 0
  Max Mhz: 1800, Current Mhz: 1500, Mhz Limit: 1800
Processor Information for processor 1
  Max Mhz: 1800, Current Mhz: 1500, Mhz Limit: 1800
Processor Information for processor 2
  Max Mhz: 1800, Current Mhz: 1500, Mhz Limit: 1800
Processor Information for processor 3
  Max Mhz: 1800, Current Mhz: 1500, Mhz Limit: 1800
Processor Information for processor 4
  Max Mhz: 1800, Current Mhz: 1500, Mhz Limit: 1800
Processor Information for processor 5
  Max Mhz: 1800, Current Mhz: 1500, Mhz Limit: 1800
Processor Information for processor 6
  Max Mhz: 1800, Current Mhz: 1800, Mhz Limit: 1800
Processor Information for processor 7
  Max Mhz: 1800, Current Mhz: 1800, Mhz Limit: 1800

Memory: 4k page, system-wide physical 7815M (1064M free)
TotalPageFile size 9863M (AvailPageFile size 113M)
current process WorkingSet (physical memory assigned to process): 12M, peak: 12M
current process commit charge ("private bytes"): 60M, peak: 184M

vm_info: Java HotSpot(TM) 64-Bit Server VM (21.0.10+8-LTS-217) for windows-amd64 JRE (21.0.10+8-LTS-217), built on 2025-12-18T14:59:28Z by "mach5run" with MS VC++ 17.13 (VS2022)

END.
