#
# There is insufficient memory for the Java Runtime Environment to continue.
# Native memory allocation (mmap) failed to map 269484032 bytes. Error detail: G1 virtual space
# Possible reasons:
#   The system is out of physical RAM or swap space
#   This process is running with CompressedOops enabled, and the Java Heap may be blocking the growth of the native heap
# Possible solutions:
#   Reduce memory load on the system
#   Increase physical memory or swap space
#   Check if swap backing store is full
#   Decrease Java heap size (-Xmx/-Xms)
#   Decrease number of Java threads
#   Decrease Java thread stack sizes (-Xss)
#   Set larger code cache with -XX:ReservedCodeCacheSize=
#   JVM is running with Unscaled Compressed Oops mode in which the Java heap is
#     placed in the first 4GB address space. The Java Heap base address is the
#     maximum limit for the native heap growth. Please use -XX:HeapBaseMinAddress
#     to set the Java Heap base and to place the Java Heap above 4GB virtual address.
# This output file may be truncated or incomplete.
#
#  Out of Memory Error (os_windows.cpp:3554), pid=14176, tid=5100
#
# JRE version: OpenJDK Runtime Environment Temurin-25.0.2+10 (25.0.2+10) (build 25.0.2+10-LTS)
# Java VM: OpenJDK 64-Bit Server VM Temurin-25.0.2+10 (25.0.2+10-LTS, mixed mode, sharing, tiered, compressed oops, compressed class ptrs, g1 gc, windows-amd64)
# No core dump will be written. Minidumps are not enabled by default on client versions of Windows
#

---------------  S U M M A R Y ------------

Command Line: -Dsun.stdout.encoding=UTF-8 -Dsun.stderr.encoding=UTF-8 --enable-native-access=ALL-UNNAMED -Dclassworlds.conf=C:\Program Files\Apache NetBeans\java\maven\bin\m2.conf -Dmaven.home=C:\Program Files\Apache NetBeans\java\maven -Dlibrary.jansi.path=C:\Program Files\Apache NetBeans\java\maven\lib\jansi-native -Dmaven.multiModuleProjectDirectory=C:\Users\alexp\OneDrive\Documentos\NetBeansProjects\LibreriaWeb org.codehaus.plexus.classworlds.launcher.Launcher -Dnetbeans.deploy=true -Dexec.vmArgs= -Dexec.appArgs= -Dmaven.ext.class.path=C:\Program Files\Apache NetBeans\java\maven-nblib\netbeans-eventspy.jar --no-transfer-progress package

Host: Intel(R) Core(TM) i3-N305, 8 cores, 7G,  Windows 11 , 64 bit Build 26100 (10.0.26100.8246)
Time: Wed May  6 19:05:55 2026 Hora estándar de Paraguay elapsed time: 15.542617 seconds (0d 0h 0m 15s)

---------------  T H R E A D  ---------------

Current thread (0x00000172f8ac9f10):  VMThread "VM Thread"          [id=5100, stack(0x00000070a6c00000,0x00000070a6d00000) (1024K)]

Stack: [0x00000070a6c00000,0x00000070a6d00000]
Native frames: (J=compiled Java code, j=interpreted, Vv=VM code, C=native code)
V  [jvm.dll+0x7a8bc9]  (no source info available)
V  [jvm.dll+0x77310d]  (no source info available)
V  [jvm.dll+0x9f55f3]  (no source info available)
V  [jvm.dll+0x9f7be1]  (no source info available)
V  [jvm.dll+0x9f82f3]  (no source info available)
V  [jvm.dll+0x2fce26]  (no source info available)
V  [jvm.dll+0x7a4df5]  (no source info available)
V  [jvm.dll+0x798257]  (no source info available)
V  [jvm.dll+0x3f5248]  (no source info available)
V  [jvm.dll+0x3fd1b6]  (no source info available)
V  [jvm.dll+0x3e991e]  (no source info available)
V  [jvm.dll+0x3e9bd8]  (no source info available)
V  [jvm.dll+0x3c0c05]  (no source info available)
V  [jvm.dll+0x3c0c9a]  (no source info available)
V  [jvm.dll+0x40df96]  (no source info available)
V  [jvm.dll+0x40c8a8]  (no source info available)
V  [jvm.dll+0x3c0337]  (no source info available)
V  [jvm.dll+0x40bc8f]  (no source info available)
V  [jvm.dll+0x9fe542]  (no source info available)
V  [jvm.dll+0x9ff861]  (no source info available)
V  [jvm.dll+0x9ffdd8]  (no source info available)
V  [jvm.dll+0xa00073]  (no source info available)
V  [jvm.dll+0x996b0d]  (no source info available)
V  [jvm.dll+0x7a71a5]  (no source info available)
C  [ucrtbase.dll+0x37b0]  (no source info available)
C  [KERNEL32.DLL+0x2e8d7]  (no source info available)
C  [ntdll.dll+0x8c3fc]  (no source info available)

VM_Operation (0x00000070a8afe760): G1CollectForAllocation, mode: safepoint, requested by thread 0x00000172fdfd69b0


---------------  P R O C E S S  ---------------

Threads class SMR info:
_java_thread_list=0x00000172813ae2f0, length=28, elements={
0x00000172d98e6920, 0x00000172f8addc60, 0x00000172f8ade420, 0x00000172f8ae22c0,
0x00000172f8ae39d0, 0x00000172f8ae4190, 0x00000172f8ae4950, 0x00000172f8aefcd0,
0x00000172f8b14520, 0x00000172f8c3ee30, 0x00000172f8c477f0, 0x00000172fdb51560,
0x000001728199b5e0, 0x00000172fdec95a0, 0x00000172f8c42cf0, 0x00000172f8c405e0,
0x00000172fdfd2b30, 0x00000172fdfd3300, 0x00000172fdfd2360, 0x00000172fdfd4a70,
0x00000172fdfd42a0, 0x00000172fdfd5240, 0x00000172fdfd69b0, 0x00000172fdfd5a10,
0x00000172fdfd7180, 0x00000172fdfd61e0, 0x00000172fdfd3ad0, 0x0000017280440ec0
}

Java Threads: ( => current thread )
  0x00000172d98e6920 JavaThread "main"                              [_thread_blocked, id=10564, stack(0x00000070a6500000,0x00000070a6600000) (1024K)]
  0x00000172f8addc60 JavaThread "Reference Handler"          daemon [_thread_blocked, id=7572, stack(0x00000070a6d00000,0x00000070a6e00000) (1024K)]
  0x00000172f8ade420 JavaThread "Finalizer"                  daemon [_thread_blocked, id=7096, stack(0x00000070a6e00000,0x00000070a6f00000) (1024K)]
  0x00000172f8ae22c0 JavaThread "Signal Dispatcher"          daemon [_thread_blocked, id=12948, stack(0x00000070a6f00000,0x00000070a7000000) (1024K)]
  0x00000172f8ae39d0 JavaThread "Attach Listener"            daemon [_thread_blocked, id=2584, stack(0x00000070a7000000,0x00000070a7100000) (1024K)]
  0x00000172f8ae4190 JavaThread "Service Thread"             daemon [_thread_blocked, id=7636, stack(0x00000070a7100000,0x00000070a7200000) (1024K)]
  0x00000172f8ae4950 JavaThread "Monitor Deflation Thread"   daemon [_thread_blocked, id=5984, stack(0x00000070a7200000,0x00000070a7300000) (1024K)]
  0x00000172f8aefcd0 JavaThread "C2 CompilerThread0"         daemon [_thread_blocked, id=7260, stack(0x00000070a7300000,0x00000070a7400000) (1024K)]
  0x00000172f8b14520 JavaThread "C1 CompilerThread0"         daemon [_thread_blocked, id=7604, stack(0x00000070a7400000,0x00000070a7500000) (1024K)]
  0x00000172f8c3ee30 JavaThread "Notification Thread"        daemon [_thread_blocked, id=8076, stack(0x00000070a7500000,0x00000070a7600000) (1024K)]
  0x00000172f8c477f0 JavaThread "Common-Cleaner"             daemon [_thread_blocked, id=6016, stack(0x00000070a7600000,0x00000070a7700000) (1024K)]
  0x00000172fdb51560 JavaThread "C2 CompilerThread1"         daemon [_thread_blocked, id=13692, stack(0x00000070a7b00000,0x00000070a7c00000) (1024K)]
  0x000001728199b5e0 JavaThread "Cleaner-0"                  daemon [_thread_blocked, id=13012, stack(0x00000070a8000000,0x00000070a8100000) (1024K)]
  0x00000172fdec95a0 JavaThread "ClassGraph-worker-0"        daemon [_thread_blocked, id=3336, stack(0x00000070a8100000,0x00000070a8200000) (1024K)]
  0x00000172f8c42cf0 JavaThread "ClassGraph-worker-1"        daemon [_thread_blocked, id=5696, stack(0x00000070a8200000,0x00000070a8300000) (1024K)]
  0x00000172f8c405e0 JavaThread "ClassGraph-worker-2"        daemon [_thread_blocked, id=7908, stack(0x00000070a8300000,0x00000070a8400000) (1024K)]
  0x00000172fdfd2b30 JavaThread "ClassGraph-worker-3"        daemon [_thread_blocked, id=4536, stack(0x00000070a8400000,0x00000070a8500000) (1024K)]
  0x00000172fdfd3300 JavaThread "ClassGraph-worker-4"        daemon [_thread_blocked, id=13992, stack(0x00000070a8500000,0x00000070a8600000) (1024K)]
  0x00000172fdfd2360 JavaThread "ClassGraph-worker-5"        daemon [_thread_blocked, id=10892, stack(0x00000070a8600000,0x00000070a8700000) (1024K)]
  0x00000172fdfd4a70 JavaThread "ClassGraph-worker-6"        daemon [_thread_blocked, id=12208, stack(0x00000070a8700000,0x00000070a8800000) (1024K)]
  0x00000172fdfd42a0 JavaThread "ClassGraph-worker-7"        daemon [_thread_blocked, id=10916, stack(0x00000070a8800000,0x00000070a8900000) (1024K)]
  0x00000172fdfd5240 JavaThread "ClassGraph-worker-8"        daemon [_thread_blocked, id=12832, stack(0x00000070a8900000,0x00000070a8a00000) (1024K)]
  0x00000172fdfd69b0 JavaThread "ClassGraph-worker-9"        daemon [_thread_blocked, id=12876, stack(0x00000070a8a00000,0x00000070a8b00000) (1024K)]
  0x00000172fdfd5a10 JavaThread "ClassGraph-worker-10"       daemon [_thread_blocked, id=3516, stack(0x00000070a8b00000,0x00000070a8c00000) (1024K)]
  0x00000172fdfd7180 JavaThread "ClassGraph-worker-11"       daemon [_thread_blocked, id=6328, stack(0x00000070a8c00000,0x00000070a8d00000) (1024K)]
  0x00000172fdfd61e0 JavaThread "ClassGraph-worker-12"       daemon [_thread_blocked, id=6432, stack(0x00000070a8d00000,0x00000070a8e00000) (1024K)]
  0x00000172fdfd3ad0 JavaThread "ClassGraph-worker-13"       daemon [_thread_blocked, id=11448, stack(0x00000070a8e00000,0x00000070a8f00000) (1024K)]
  0x0000017280440ec0 JavaThread "C2 CompilerThread2"         daemon [_thread_blocked, id=3624, stack(0x00000070a8f00000,0x00000070a9000000) (1024K)]
Total: 28

Other Threads:
=>0x00000172f8ac9f10 VMThread "VM Thread"                           [id=5100, stack(0x00000070a6c00000,0x00000070a6d00000) (1024K)]
  0x00000172f8ab9a70 WatcherThread "VM Periodic Task Thread"        [id=4960, stack(0x00000070a6b00000,0x00000070a6c00000) (1024K)]
  0x00000172dbce8a70 WorkerThread "GC Thread#0"                     [id=12256, stack(0x00000070a6600000,0x00000070a6700000) (1024K)]
  0x00000172fd873e60 WorkerThread "GC Thread#1"                     [id=10816, stack(0x00000070a7700000,0x00000070a7800000) (1024K)]
  0x00000172fd874fa0 WorkerThread "GC Thread#2"                     [id=4548, stack(0x00000070a7800000,0x00000070a7900000) (1024K)]
  0x00000172fd874b50 WorkerThread "GC Thread#3"                     [id=7300, stack(0x00000070a7900000,0x00000070a7a00000) (1024K)]
  0x00000172fdaecf60 WorkerThread "GC Thread#4"                     [id=13732, stack(0x00000070a7a00000,0x00000070a7b00000) (1024K)]
  0x00000172fdaefed0 WorkerThread "GC Thread#5"                     [id=3976, stack(0x00000070a7d00000,0x00000070a7e00000) (1024K)]
  0x00000172fdaec270 WorkerThread "GC Thread#6"                     [id=6292, stack(0x00000070a7e00000,0x00000070a7f00000) (1024K)]
  0x00000172fdaec6c0 WorkerThread "GC Thread#7"                     [id=13392, stack(0x00000070a7f00000,0x00000070a8000000) (1024K)]
  0x00000172dbd00b20 ConcurrentGCThread "G1 Main Marker"            [id=1044, stack(0x00000070a6700000,0x00000070a6800000) (1024K)]
  0x00000172dbd03850 WorkerThread "G1 Conc#0"                       [id=9056, stack(0x00000070a6800000,0x00000070a6900000) (1024K)]
  0x00000172fe403bd0 WorkerThread "G1 Conc#1"                       [id=5032, stack(0x00000070a7c00000,0x00000070a7d00000) (1024K)]
  0x00000172dbd4e6a0 ConcurrentGCThread "G1 Refine#0"               [id=3028, stack(0x00000070a6900000,0x00000070a6a00000) (1024K)]
  0x00000172f898c100 ConcurrentGCThread "G1 Service"                [id=1400, stack(0x00000070a6a00000,0x00000070a6b00000) (1024K)]
Total: 15

Threads with active compile tasks:
C2 CompilerThread0  15698 8226       4       io.github.classgraph.Classfile::getConstantPoolString (55 bytes)
C2 CompilerThread1  15698 8201   !   4       sun.nio.ch.IOUtil::read (133 bytes)
C2 CompilerThread2  15698 8227       4       java.lang.invoke.VarHandleReferences$FieldInstanceReadWrite::compareAndSet (48 bytes)
Total: 3

VM state: at safepoint (normal execution)

VM Mutex/Monitor currently owned by a thread:  ([mutex/lock_event])
[0x00007ffc59a663c8] Threads_lock - owner thread: 0x00000172f8ac9f10
[0x00007ffc59a66548] Heap_lock - owner thread: 0x00000172fdfd69b0

Heap address: 0x0000000085e00000, size: 1954 MB, Compressed Oops mode: 32-bit

CDS archive(s) mapped at: [0x0000000002000000-0x0000000002dd0000-0x0000000002dd0000), size 14483456, SharedBaseAddress: 0x0000000002000000, ArchiveRelocationMode: 1.
Compressed class space mapped at: 0x0000000003000000-0x0000000043000000, reserved size: 1073741824
UseCompressedClassPointers 1, UseCompactObjectHeaders 0
Narrow klass pointer bits 32, Max shift 3
Narrow klass base: 0x0000000002000000, Narrow klass shift: 0
Encoding Range: [0x0000000002000000 - 0x0000000102000000), (4294967296 bytes)
Klass Range:    [0x0000000002010000 - 0x0000000043000000), (1090453504 bytes)
Klass ID Range:  [65536 - 1090519033) (1090453497)
Protection zone: [0x0000000002000000 - 0x0000000002010000), (65536 bytes)

GC Precious Log:
 CardTable entry size: 512
 Card Set container configuration: InlinePtr #cards 5 size 8 Array Of Cards #cards 10 size 36 Howl #buckets 4 coarsen threshold 1843 Howl Bitmap #cards 512 size 80 coarsen threshold 460 Card regions per heap region 1 cards per card region 2048
 CPUs: 8 total, 8 available
 Memory: 7815M
 Large Page Support: Disabled
 NUMA Support: Disabled
 Compressed Oops: Enabled (32-bit)
 Heap Region Size: 1M
 Heap Min Capacity: 8M
 Heap Initial Capacity: 124M
 Heap Max Capacity: 1954M
 Pre-touch: Disabled
 Parallel Workers: 8
 Concurrent Workers: 2
 Concurrent Refinement Workers: 8
 Periodic GC: Disabled

Heap:
 garbage-first heap   total reserved 2000896K, committed 240640K, used 60287K [0x0000000085e00000, 0x0000000100000000)
  region size 1024K, 2 young (2048K), 2 survivors (2048K)

Heap Regions: E=young(eden), S=young(survivor), O=old, HS=humongous(starts), HC=humongous(continues), CS=collection set, F=free, TAMS=top-at-mark-start, PB=parsable bottom
|   0|0x0000000085e00000, 0x0000000085f00000, 0x0000000085f00000|100%| O|  |TAMS 0x0000000085e00000| PB 0x0000000085e00000| Untracked |  0
|   1|0x0000000085f00000, 0x0000000086000000, 0x0000000086000000|100%| O|  |TAMS 0x0000000085f00000| PB 0x0000000085f00000| Untracked |  0
|   2|0x0000000086000000, 0x0000000086100000, 0x0000000086100000|100%| O|  |TAMS 0x0000000086000000| PB 0x0000000086000000| Untracked |  0
|   3|0x0000000086100000, 0x0000000086200000, 0x0000000086200000|100%| O|  |TAMS 0x0000000086100000| PB 0x0000000086100000| Untracked |  0
|   4|0x0000000086200000, 0x0000000086300000, 0x0000000086300000|100%| O|  |TAMS 0x0000000086200000| PB 0x0000000086200000| Untracked |  0
|   5|0x0000000086300000, 0x0000000086400000, 0x0000000086400000|100%| O|  |TAMS 0x0000000086300000| PB 0x0000000086300000| Untracked |  0
|   6|0x0000000086400000, 0x0000000086500000, 0x0000000086500000|100%| O|  |TAMS 0x0000000086400000| PB 0x0000000086400000| Untracked |  0
|   7|0x0000000086500000, 0x0000000086600000, 0x0000000086600000|100%| O|  |TAMS 0x0000000086500000| PB 0x0000000086500000| Untracked |  0
|   8|0x0000000086600000, 0x0000000086700000, 0x0000000086700000|100%| O|  |TAMS 0x0000000086600000| PB 0x0000000086600000| Untracked |  0
|   9|0x0000000086700000, 0x0000000086800000, 0x0000000086800000|100%| O|  |TAMS 0x0000000086700000| PB 0x0000000086700000| Untracked |  0
|  10|0x0000000086800000, 0x0000000086900000, 0x0000000086900000|100%|HS|  |TAMS 0x0000000086800000| PB 0x0000000086800000| Complete |  0
|  11|0x0000000086900000, 0x0000000086a00000, 0x0000000086a00000|100%| O|  |TAMS 0x0000000086900000| PB 0x0000000086900000| Untracked |  0
|  12|0x0000000086a00000, 0x0000000086b00000, 0x0000000086b00000|100%|HS|  |TAMS 0x0000000086a00000| PB 0x0000000086a00000| Complete |  0
|  13|0x0000000086b00000, 0x0000000086c00000, 0x0000000086c00000|100%|HC|  |TAMS 0x0000000086b00000| PB 0x0000000086b00000| Complete |  0
|  14|0x0000000086c00000, 0x0000000086d00000, 0x0000000086d00000|100%| O|  |TAMS 0x0000000086c00000| PB 0x0000000086c00000| Untracked |  0
|  15|0x0000000086d00000, 0x0000000086e00000, 0x0000000086e00000|100%| O|  |TAMS 0x0000000086d00000| PB 0x0000000086d00000| Untracked |  0
|  16|0x0000000086e00000, 0x0000000086f00000, 0x0000000086f00000|100%| O|  |TAMS 0x0000000086e00000| PB 0x0000000086e00000| Untracked |  0
|  17|0x0000000086f00000, 0x0000000087000000, 0x0000000087000000|100%| O|  |TAMS 0x0000000086f00000| PB 0x0000000086f00000| Untracked |  0
|  18|0x0000000087000000, 0x0000000087100000, 0x0000000087100000|100%| O|  |TAMS 0x0000000087000000| PB 0x0000000087000000| Untracked |  0
|  19|0x0000000087100000, 0x0000000087200000, 0x0000000087200000|100%| O|  |TAMS 0x0000000087100000| PB 0x0000000087100000| Untracked |  0
|  20|0x0000000087200000, 0x000000008726e3b8, 0x0000000087300000| 43%| O|  |TAMS 0x0000000087200000| PB 0x0000000087200000| Untracked |  0
|  21|0x0000000087300000, 0x0000000087400000, 0x0000000087400000|100%| O|  |TAMS 0x0000000087300000| PB 0x0000000087300000| Untracked |  0
|  22|0x0000000087400000, 0x0000000087500000, 0x0000000087500000|100%| O|  |TAMS 0x0000000087400000| PB 0x0000000087400000| Untracked |  0
|  23|0x0000000087500000, 0x0000000087600000, 0x0000000087600000|100%| O|  |TAMS 0x0000000087500000| PB 0x0000000087500000| Untracked |  0
|  24|0x0000000087600000, 0x0000000087600000, 0x0000000087700000|  0%| F|  |TAMS 0x0000000087600000| PB 0x0000000087600000| Untracked |  0
|  25|0x0000000087700000, 0x0000000087800000, 0x0000000087800000|100%| O|  |TAMS 0x0000000087700000| PB 0x0000000087700000| Untracked |  0
|  26|0x0000000087800000, 0x0000000087800000, 0x0000000087900000|  0%| F|  |TAMS 0x0000000087800000| PB 0x0000000087800000| Untracked |  0
|  27|0x0000000087900000, 0x0000000087900000, 0x0000000087a00000|  0%| F|  |TAMS 0x0000000087900000| PB 0x0000000087900000| Untracked |  0
|  28|0x0000000087a00000, 0x0000000087a00000, 0x0000000087b00000|  0%| F|  |TAMS 0x0000000087a00000| PB 0x0000000087a00000| Untracked |  0
|  29|0x0000000087b00000, 0x0000000087c00000, 0x0000000087c00000|100%|HS|  |TAMS 0x0000000087b00000| PB 0x0000000087b00000| Complete |  0
|  30|0x0000000087c00000, 0x0000000087d00000, 0x0000000087d00000|100%|HC|  |TAMS 0x0000000087c00000| PB 0x0000000087c00000| Complete |  0
|  31|0x0000000087d00000, 0x0000000087e00000, 0x0000000087e00000|100%| O|  |TAMS 0x0000000087d00000| PB 0x0000000087d00000| Untracked |  0
|  32|0x0000000087e00000, 0x0000000087e00000, 0x0000000087f00000|  0%| F|  |TAMS 0x0000000087e00000| PB 0x0000000087e00000| Untracked |  0
|  33|0x0000000087f00000, 0x0000000087f00000, 0x0000000088000000|  0%| F|  |TAMS 0x0000000087f00000| PB 0x0000000087f00000| Untracked |  0
|  34|0x0000000088000000, 0x0000000088000000, 0x0000000088100000|  0%| F|  |TAMS 0x0000000088000000| PB 0x0000000088000000| Untracked |  0
|  35|0x0000000088100000, 0x0000000088100000, 0x0000000088200000|  0%| F|  |TAMS 0x0000000088100000| PB 0x0000000088100000| Untracked |  0
|  36|0x0000000088200000, 0x0000000088200000, 0x0000000088300000|  0%| F|  |TAMS 0x0000000088200000| PB 0x0000000088200000| Untracked |  0
|  37|0x0000000088300000, 0x0000000088400000, 0x0000000088400000|100%|HS|  |TAMS 0x0000000088300000| PB 0x0000000088300000| Complete |  0
|  38|0x0000000088400000, 0x0000000088500000, 0x0000000088500000|100%|HS|  |TAMS 0x0000000088400000| PB 0x0000000088400000| Complete |  0
|  39|0x0000000088500000, 0x0000000088600000, 0x0000000088600000|100%| O|  |TAMS 0x0000000088500000| PB 0x0000000088500000| Untracked |  0
|  40|0x0000000088600000, 0x0000000088700000, 0x0000000088700000|100%| O|  |TAMS 0x0000000088600000| PB 0x0000000088600000| Untracked |  0
|  41|0x0000000088700000, 0x0000000088800000, 0x0000000088800000|100%| O|  |TAMS 0x0000000088700000| PB 0x0000000088700000| Untracked |  0
|  42|0x0000000088800000, 0x0000000088900000, 0x0000000088900000|100%| O|  |TAMS 0x0000000088800000| PB 0x0000000088800000| Untracked |  0
|  43|0x0000000088900000, 0x0000000088a00000, 0x0000000088a00000|100%| O|  |TAMS 0x0000000088900000| PB 0x0000000088900000| Untracked |  0
|  44|0x0000000088a00000, 0x0000000088b00000, 0x0000000088b00000|100%| O|  |TAMS 0x0000000088a00000| PB 0x0000000088a00000| Untracked |  0
|  45|0x0000000088b00000, 0x0000000088c00000, 0x0000000088c00000|100%| O|  |TAMS 0x0000000088b00000| PB 0x0000000088b00000| Untracked |  0
|  46|0x0000000088c00000, 0x0000000088d00000, 0x0000000088d00000|100%| O|  |TAMS 0x0000000088c00000| PB 0x0000000088c00000| Untracked |  0
|  47|0x0000000088d00000, 0x0000000088e00000, 0x0000000088e00000|100%| O|  |TAMS 0x0000000088d00000| PB 0x0000000088d00000| Untracked |  0
|  48|0x0000000088e00000, 0x0000000088f00000, 0x0000000088f00000|100%| O|  |TAMS 0x0000000088e00000| PB 0x0000000088e00000| Untracked |  0
|  49|0x0000000088f00000, 0x0000000089000000, 0x0000000089000000|100%| O|  |TAMS 0x0000000088f00000| PB 0x0000000088f00000| Untracked |  0
|  50|0x0000000089000000, 0x0000000089100000, 0x0000000089100000|100%| O|  |TAMS 0x0000000089000000| PB 0x0000000089000000| Untracked |  0
|  51|0x0000000089100000, 0x0000000089200000, 0x0000000089200000|100%| O|  |TAMS 0x0000000089100000| PB 0x0000000089100000| Untracked |  0
|  52|0x0000000089200000, 0x0000000089300000, 0x0000000089300000|100%| O|  |TAMS 0x0000000089200000| PB 0x0000000089200000| Untracked |  0
|  53|0x0000000089300000, 0x0000000089400000, 0x0000000089400000|100%| O|  |TAMS 0x0000000089300000| PB 0x0000000089300000| Untracked |  0
|  54|0x0000000089400000, 0x0000000089500000, 0x0000000089500000|100%| O|  |TAMS 0x0000000089400000| PB 0x0000000089400000| Untracked |  0
|  55|0x0000000089500000, 0x0000000089600000, 0x0000000089600000|100%| O|  |TAMS 0x0000000089500000| PB 0x0000000089500000| Untracked |  0
|  56|0x0000000089600000, 0x0000000089700000, 0x0000000089700000|100%| O|  |TAMS 0x0000000089600000| PB 0x0000000089600000| Untracked |  0
|  57|0x0000000089700000, 0x0000000089800000, 0x0000000089800000|100%| O|  |TAMS 0x0000000089700000| PB 0x0000000089700000| Untracked |  0
|  58|0x0000000089800000, 0x0000000089800000, 0x0000000089900000|  0%| F|  |TAMS 0x0000000089800000| PB 0x0000000089800000| Untracked |  0
|  59|0x0000000089900000, 0x0000000089900000, 0x0000000089a00000|  0%| F|  |TAMS 0x0000000089900000| PB 0x0000000089900000| Untracked |  0
|  60|0x0000000089a00000, 0x0000000089a00000, 0x0000000089b00000|  0%| F|  |TAMS 0x0000000089a00000| PB 0x0000000089a00000| Untracked |  0
|  61|0x0000000089b00000, 0x0000000089b00000, 0x0000000089c00000|  0%| F|  |TAMS 0x0000000089b00000| PB 0x0000000089b00000| Untracked |  0
|  62|0x0000000089c00000, 0x0000000089c00000, 0x0000000089d00000|  0%| F|  |TAMS 0x0000000089c00000| PB 0x0000000089c00000| Untracked |  0
|  63|0x0000000089d00000, 0x0000000089d00000, 0x0000000089e00000|  0%| F|  |TAMS 0x0000000089d00000| PB 0x0000000089d00000| Untracked |  0
|  64|0x0000000089e00000, 0x0000000089e00000, 0x0000000089f00000|  0%| F|  |TAMS 0x0000000089e00000| PB 0x0000000089e00000| Untracked |  0
|  65|0x0000000089f00000, 0x0000000089f00000, 0x000000008a000000|  0%| F|  |TAMS 0x0000000089f00000| PB 0x0000000089f00000| Untracked |  0
|  66|0x000000008a000000, 0x000000008a000000, 0x000000008a100000|  0%| F|  |TAMS 0x000000008a000000| PB 0x000000008a000000| Untracked |  0
|  67|0x000000008a100000, 0x000000008a100000, 0x000000008a200000|  0%| F|  |TAMS 0x000000008a100000| PB 0x000000008a100000| Untracked |  0
|  68|0x000000008a200000, 0x000000008a200000, 0x000000008a300000|  0%| F|  |TAMS 0x000000008a200000| PB 0x000000008a200000| Untracked |  0
|  69|0x000000008a300000, 0x000000008a300000, 0x000000008a400000|  0%| F|  |TAMS 0x000000008a300000| PB 0x000000008a300000| Untracked |  0
|  70|0x000000008a400000, 0x000000008a400000, 0x000000008a500000|  0%| F|  |TAMS 0x000000008a400000| PB 0x000000008a400000| Untracked |  0
|  71|0x000000008a500000, 0x000000008a500000, 0x000000008a600000|  0%| F|  |TAMS 0x000000008a500000| PB 0x000000008a500000| Untracked |  0
|  72|0x000000008a600000, 0x000000008a600000, 0x000000008a700000|  0%| F|  |TAMS 0x000000008a600000| PB 0x000000008a600000| Untracked |  0
|  73|0x000000008a700000, 0x000000008a700000, 0x000000008a800000|  0%| F|  |TAMS 0x000000008a700000| PB 0x000000008a700000| Untracked |  0
|  74|0x000000008a800000, 0x000000008a800000, 0x000000008a900000|  0%| F|  |TAMS 0x000000008a800000| PB 0x000000008a800000| Untracked |  0
|  75|0x000000008a900000, 0x000000008a900000, 0x000000008aa00000|  0%| F|  |TAMS 0x000000008a900000| PB 0x000000008a900000| Untracked |  0
|  76|0x000000008aa00000, 0x000000008aa00000, 0x000000008ab00000|  0%| F|  |TAMS 0x000000008aa00000| PB 0x000000008aa00000| Untracked |  0
|  77|0x000000008ab00000, 0x000000008ab00000, 0x000000008ac00000|  0%| F|  |TAMS 0x000000008ab00000| PB 0x000000008ab00000| Untracked |  0
|  78|0x000000008ac00000, 0x000000008ac00000, 0x000000008ad00000|  0%| F|  |TAMS 0x000000008ac00000| PB 0x000000008ac00000| Untracked |  0
|  79|0x000000008ad00000, 0x000000008ad00000, 0x000000008ae00000|  0%| F|  |TAMS 0x000000008ad00000| PB 0x000000008ad00000| Untracked |  0
|  80|0x000000008ae00000, 0x000000008ae00000, 0x000000008af00000|  0%| F|  |TAMS 0x000000008ae00000| PB 0x000000008ae00000| Untracked |  0
|  81|0x000000008af00000, 0x000000008af00000, 0x000000008b000000|  0%| F|  |TAMS 0x000000008af00000| PB 0x000000008af00000| Untracked |  0
|  82|0x000000008b000000, 0x000000008b000000, 0x000000008b100000|  0%| F|  |TAMS 0x000000008b000000| PB 0x000000008b000000| Untracked |  0
|  83|0x000000008b100000, 0x000000008b100000, 0x000000008b200000|  0%| F|  |TAMS 0x000000008b100000| PB 0x000000008b100000| Untracked |  0
|  84|0x000000008b200000, 0x000000008b200000, 0x000000008b300000|  0%| F|  |TAMS 0x000000008b200000| PB 0x000000008b200000| Untracked |  0
|  85|0x000000008b300000, 0x000000008b300000, 0x000000008b400000|  0%| F|  |TAMS 0x000000008b300000| PB 0x000000008b300000| Untracked |  0
|  86|0x000000008b400000, 0x000000008b400000, 0x000000008b500000|  0%| F|  |TAMS 0x000000008b400000| PB 0x000000008b400000| Untracked |  0
|  87|0x000000008b500000, 0x000000008b500000, 0x000000008b600000|  0%| F|  |TAMS 0x000000008b500000| PB 0x000000008b500000| Untracked |  0
|  88|0x000000008b600000, 0x000000008b600000, 0x000000008b700000|  0%| F|  |TAMS 0x000000008b600000| PB 0x000000008b600000| Untracked |  0
|  89|0x000000008b700000, 0x000000008b700000, 0x000000008b800000|  0%| F|  |TAMS 0x000000008b700000| PB 0x000000008b700000| Untracked |  0
|  90|0x000000008b800000, 0x000000008b800000, 0x000000008b900000|  0%| F|  |TAMS 0x000000008b800000| PB 0x000000008b800000| Untracked |  0
|  91|0x000000008b900000, 0x000000008b900000, 0x000000008ba00000|  0%| F|  |TAMS 0x000000008b900000| PB 0x000000008b900000| Untracked |  0
|  92|0x000000008ba00000, 0x000000008ba00000, 0x000000008bb00000|  0%| F|  |TAMS 0x000000008ba00000| PB 0x000000008ba00000| Untracked |  0
|  93|0x000000008bb00000, 0x000000008bb00000, 0x000000008bc00000|  0%| F|  |TAMS 0x000000008bb00000| PB 0x000000008bb00000| Untracked |  0
|  94|0x000000008bc00000, 0x000000008bc00000, 0x000000008bd00000|  0%| F|  |TAMS 0x000000008bc00000| PB 0x000000008bc00000| Untracked |  0
|  95|0x000000008bd00000, 0x000000008bd00000, 0x000000008be00000|  0%| F|  |TAMS 0x000000008bd00000| PB 0x000000008bd00000| Untracked |  0
|  96|0x000000008be00000, 0x000000008be00000, 0x000000008bf00000|  0%| F|  |TAMS 0x000000008be00000| PB 0x000000008be00000| Untracked |  0
|  97|0x000000008bf00000, 0x000000008bf00000, 0x000000008c000000|  0%| F|  |TAMS 0x000000008bf00000| PB 0x000000008bf00000| Untracked |  0
|  98|0x000000008c000000, 0x000000008c000000, 0x000000008c100000|  0%| F|  |TAMS 0x000000008c000000| PB 0x000000008c000000| Untracked |  0
|  99|0x000000008c100000, 0x000000008c100000, 0x000000008c200000|  0%| F|  |TAMS 0x000000008c100000| PB 0x000000008c100000| Untracked |  0
| 100|0x000000008c200000, 0x000000008c200000, 0x000000008c300000|  0%| F|  |TAMS 0x000000008c200000| PB 0x000000008c200000| Untracked |  0
| 101|0x000000008c300000, 0x000000008c300000, 0x000000008c400000|  0%| F|  |TAMS 0x000000008c300000| PB 0x000000008c300000| Untracked |  0
| 102|0x000000008c400000, 0x000000008c400000, 0x000000008c500000|  0%| F|  |TAMS 0x000000008c400000| PB 0x000000008c400000| Untracked |  0
| 103|0x000000008c500000, 0x000000008c500000, 0x000000008c600000|  0%| F|  |TAMS 0x000000008c500000| PB 0x000000008c500000| Untracked |  0
| 104|0x000000008c600000, 0x000000008c600000, 0x000000008c700000|  0%| F|  |TAMS 0x000000008c600000| PB 0x000000008c600000| Untracked |  0
| 105|0x000000008c700000, 0x000000008c700000, 0x000000008c800000|  0%| F|  |TAMS 0x000000008c700000| PB 0x000000008c700000| Untracked |  0
| 106|0x000000008c800000, 0x000000008c800000, 0x000000008c900000|  0%| F|  |TAMS 0x000000008c800000| PB 0x000000008c800000| Untracked |  0
| 107|0x000000008c900000, 0x000000008c900000, 0x000000008ca00000|  0%| F|  |TAMS 0x000000008c900000| PB 0x000000008c900000| Untracked |  0
| 108|0x000000008ca00000, 0x000000008ca00000, 0x000000008cb00000|  0%| F|  |TAMS 0x000000008ca00000| PB 0x000000008ca00000| Untracked |  0
| 109|0x000000008cb00000, 0x000000008cb00000, 0x000000008cc00000|  0%| F|  |TAMS 0x000000008cb00000| PB 0x000000008cb00000| Untracked |  0
| 110|0x000000008cc00000, 0x000000008cc00000, 0x000000008cd00000|  0%| F|  |TAMS 0x000000008cc00000| PB 0x000000008cc00000| Untracked |  0
| 111|0x000000008cd00000, 0x000000008cd00000, 0x000000008ce00000|  0%| F|  |TAMS 0x000000008cd00000| PB 0x000000008cd00000| Untracked |  0
| 112|0x000000008ce00000, 0x000000008ce00000, 0x000000008cf00000|  0%| F|  |TAMS 0x000000008ce00000| PB 0x000000008ce00000| Untracked |  0
| 113|0x000000008cf00000, 0x000000008cf00000, 0x000000008d000000|  0%| F|  |TAMS 0x000000008cf00000| PB 0x000000008cf00000| Untracked |  0
| 114|0x000000008d000000, 0x000000008d000000, 0x000000008d100000|  0%| F|  |TAMS 0x000000008d000000| PB 0x000000008d000000| Untracked |  0
| 115|0x000000008d100000, 0x000000008d100000, 0x000000008d200000|  0%| F|  |TAMS 0x000000008d100000| PB 0x000000008d100000| Untracked |  0
| 116|0x000000008d200000, 0x000000008d200000, 0x000000008d300000|  0%| F|  |TAMS 0x000000008d200000| PB 0x000000008d200000| Untracked |  0
| 117|0x000000008d300000, 0x000000008d300000, 0x000000008d400000|  0%| F|  |TAMS 0x000000008d300000| PB 0x000000008d300000| Untracked |  0
| 118|0x000000008d400000, 0x000000008d400000, 0x000000008d500000|  0%| F|  |TAMS 0x000000008d400000| PB 0x000000008d400000| Untracked |  0
| 119|0x000000008d500000, 0x000000008d500000, 0x000000008d600000|  0%| F|  |TAMS 0x000000008d500000| PB 0x000000008d500000| Untracked |  0
| 120|0x000000008d600000, 0x000000008d600000, 0x000000008d700000|  0%| F|  |TAMS 0x000000008d600000| PB 0x000000008d600000| Untracked |  0
| 121|0x000000008d700000, 0x000000008d700000, 0x000000008d800000|  0%| F|  |TAMS 0x000000008d700000| PB 0x000000008d700000| Untracked |  0
| 122|0x000000008d800000, 0x000000008d800000, 0x000000008d900000|  0%| F|  |TAMS 0x000000008d800000| PB 0x000000008d800000| Untracked |  0
| 123|0x000000008d900000, 0x000000008d900000, 0x000000008da00000|  0%| F|  |TAMS 0x000000008d900000| PB 0x000000008d900000| Untracked |  0
| 124|0x000000008da00000, 0x000000008da00000, 0x000000008db00000|  0%| F|  |TAMS 0x000000008da00000| PB 0x000000008da00000| Untracked |  0
| 125|0x000000008db00000, 0x000000008db00000, 0x000000008dc00000|  0%| F|  |TAMS 0x000000008db00000| PB 0x000000008db00000| Untracked |  0
| 126|0x000000008dc00000, 0x000000008dc00000, 0x000000008dd00000|  0%| F|  |TAMS 0x000000008dc00000| PB 0x000000008dc00000| Untracked |  0
| 127|0x000000008dd00000, 0x000000008dd00000, 0x000000008de00000|  0%| F|  |TAMS 0x000000008dd00000| PB 0x000000008dd00000| Untracked |  0
| 128|0x000000008de00000, 0x000000008de00000, 0x000000008df00000|  0%| F|  |TAMS 0x000000008de00000| PB 0x000000008de00000| Untracked |  0
| 129|0x000000008df00000, 0x000000008df00000, 0x000000008e000000|  0%| F|  |TAMS 0x000000008df00000| PB 0x000000008df00000| Untracked |  0
| 130|0x000000008e000000, 0x000000008e000000, 0x000000008e100000|  0%| F|  |TAMS 0x000000008e000000| PB 0x000000008e000000| Untracked |  0
| 131|0x000000008e100000, 0x000000008e100000, 0x000000008e200000|  0%| F|  |TAMS 0x000000008e100000| PB 0x000000008e100000| Untracked |  0
| 132|0x000000008e200000, 0x000000008e200000, 0x000000008e300000|  0%| F|  |TAMS 0x000000008e200000| PB 0x000000008e200000| Untracked |  0
| 133|0x000000008e300000, 0x000000008e300000, 0x000000008e400000|  0%| F|  |TAMS 0x000000008e300000| PB 0x000000008e300000| Untracked |  0
| 134|0x000000008e400000, 0x000000008e400000, 0x000000008e500000|  0%| F|  |TAMS 0x000000008e400000| PB 0x000000008e400000| Untracked |  0
| 135|0x000000008e500000, 0x000000008e500000, 0x000000008e600000|  0%| F|  |TAMS 0x000000008e500000| PB 0x000000008e500000| Untracked |  0
| 136|0x000000008e600000, 0x000000008e600000, 0x000000008e700000|  0%| F|  |TAMS 0x000000008e600000| PB 0x000000008e600000| Untracked |  0
| 137|0x000000008e700000, 0x000000008e700000, 0x000000008e800000|  0%| F|  |TAMS 0x000000008e700000| PB 0x000000008e700000| Untracked |  0
| 138|0x000000008e800000, 0x000000008e800000, 0x000000008e900000|  0%| F|  |TAMS 0x000000008e800000| PB 0x000000008e800000| Untracked |  0
| 139|0x000000008e900000, 0x000000008e900000, 0x000000008ea00000|  0%| F|  |TAMS 0x000000008e900000| PB 0x000000008e900000| Untracked |  0
| 140|0x000000008ea00000, 0x000000008ea00000, 0x000000008eb00000|  0%| F|  |TAMS 0x000000008ea00000| PB 0x000000008ea00000| Untracked |  0
| 141|0x000000008eb00000, 0x000000008eb00000, 0x000000008ec00000|  0%| F|  |TAMS 0x000000008eb00000| PB 0x000000008eb00000| Untracked |  0
| 142|0x000000008ec00000, 0x000000008ec00000, 0x000000008ed00000|  0%| F|  |TAMS 0x000000008ec00000| PB 0x000000008ec00000| Untracked |  0
| 143|0x000000008ed00000, 0x000000008ed00000, 0x000000008ee00000|  0%| F|  |TAMS 0x000000008ed00000| PB 0x000000008ed00000| Untracked |  0
| 144|0x000000008ee00000, 0x000000008ee00000, 0x000000008ef00000|  0%| F|  |TAMS 0x000000008ee00000| PB 0x000000008ee00000| Untracked |  0
| 145|0x000000008ef00000, 0x000000008ef00000, 0x000000008f000000|  0%| F|  |TAMS 0x000000008ef00000| PB 0x000000008ef00000| Untracked |  0
| 146|0x000000008f000000, 0x000000008f000000, 0x000000008f100000|  0%| F|  |TAMS 0x000000008f000000| PB 0x000000008f000000| Untracked |  0
| 147|0x000000008f100000, 0x000000008f100000, 0x000000008f200000|  0%| F|  |TAMS 0x000000008f100000| PB 0x000000008f100000| Untracked |  0
| 148|0x000000008f200000, 0x000000008f200000, 0x000000008f300000|  0%| F|  |TAMS 0x000000008f200000| PB 0x000000008f200000| Untracked |  0
| 149|0x000000008f300000, 0x000000008f300000, 0x000000008f400000|  0%| F|  |TAMS 0x000000008f300000| PB 0x000000008f300000| Untracked |  0
| 150|0x000000008f400000, 0x000000008f400000, 0x000000008f500000|  0%| F|  |TAMS 0x000000008f400000| PB 0x000000008f400000| Untracked |  0
| 151|0x000000008f500000, 0x000000008f500000, 0x000000008f600000|  0%| F|  |TAMS 0x000000008f500000| PB 0x000000008f500000| Untracked |  0
| 152|0x000000008f600000, 0x000000008f600000, 0x000000008f700000|  0%| F|  |TAMS 0x000000008f600000| PB 0x000000008f600000| Untracked |  0
| 153|0x000000008f700000, 0x000000008f700000, 0x000000008f800000|  0%| F|  |TAMS 0x000000008f700000| PB 0x000000008f700000| Untracked |  0
| 154|0x000000008f800000, 0x000000008f800000, 0x000000008f900000|  0%| F|  |TAMS 0x000000008f800000| PB 0x000000008f800000| Untracked |  0
| 155|0x000000008f900000, 0x000000008f900000, 0x000000008fa00000|  0%| F|  |TAMS 0x000000008f900000| PB 0x000000008f900000| Untracked |  0
| 156|0x000000008fa00000, 0x000000008fa00000, 0x000000008fb00000|  0%| F|  |TAMS 0x000000008fa00000| PB 0x000000008fa00000| Untracked |  0
| 157|0x000000008fb00000, 0x000000008fb00000, 0x000000008fc00000|  0%| F|  |TAMS 0x000000008fb00000| PB 0x000000008fb00000| Untracked |  0
| 158|0x000000008fc00000, 0x000000008fc00000, 0x000000008fd00000|  0%| F|  |TAMS 0x000000008fc00000| PB 0x000000008fc00000| Untracked |  0
| 159|0x000000008fd00000, 0x000000008fd00000, 0x000000008fe00000|  0%| F|  |TAMS 0x000000008fd00000| PB 0x000000008fd00000| Untracked |  0
| 160|0x000000008fe00000, 0x000000008fe00000, 0x000000008ff00000|  0%| F|  |TAMS 0x000000008fe00000| PB 0x000000008fe00000| Untracked |  0
| 161|0x000000008ff00000, 0x000000008ff00000, 0x0000000090000000|  0%| F|  |TAMS 0x000000008ff00000| PB 0x000000008ff00000| Untracked |  0
| 162|0x0000000090000000, 0x0000000090000000, 0x0000000090100000|  0%| F|  |TAMS 0x0000000090000000| PB 0x0000000090000000| Untracked |  0
| 163|0x0000000090100000, 0x0000000090100000, 0x0000000090200000|  0%| F|  |TAMS 0x0000000090100000| PB 0x0000000090100000| Untracked |  0
| 164|0x0000000090200000, 0x0000000090200000, 0x0000000090300000|  0%| F|  |TAMS 0x0000000090200000| PB 0x0000000090200000| Untracked |  0
| 165|0x0000000090300000, 0x0000000090300000, 0x0000000090400000|  0%| F|  |TAMS 0x0000000090300000| PB 0x0000000090300000| Untracked |  0
| 166|0x0000000090400000, 0x0000000090400000, 0x0000000090500000|  0%| F|  |TAMS 0x0000000090400000| PB 0x0000000090400000| Untracked |  0
| 167|0x0000000090500000, 0x0000000090500000, 0x0000000090600000|  0%| F|  |TAMS 0x0000000090500000| PB 0x0000000090500000| Untracked |  0
| 168|0x0000000090600000, 0x0000000090600000, 0x0000000090700000|  0%| F|  |TAMS 0x0000000090600000| PB 0x0000000090600000| Untracked |  0
| 169|0x0000000090700000, 0x0000000090700000, 0x0000000090800000|  0%| F|  |TAMS 0x0000000090700000| PB 0x0000000090700000| Untracked |  0
| 170|0x0000000090800000, 0x0000000090800000, 0x0000000090900000|  0%| F|  |TAMS 0x0000000090800000| PB 0x0000000090800000| Untracked |  0
| 171|0x0000000090900000, 0x0000000090900000, 0x0000000090a00000|  0%| F|  |TAMS 0x0000000090900000| PB 0x0000000090900000| Untracked |  0
| 172|0x0000000090a00000, 0x0000000090a00000, 0x0000000090b00000|  0%| F|  |TAMS 0x0000000090a00000| PB 0x0000000090a00000| Untracked |  0
| 173|0x0000000090b00000, 0x0000000090b00000, 0x0000000090c00000|  0%| F|  |TAMS 0x0000000090b00000| PB 0x0000000090b00000| Untracked |  0
| 174|0x0000000090c00000, 0x0000000090c00000, 0x0000000090d00000|  0%| F|  |TAMS 0x0000000090c00000| PB 0x0000000090c00000| Untracked |  0
| 175|0x0000000090d00000, 0x0000000090d00000, 0x0000000090e00000|  0%| F|  |TAMS 0x0000000090d00000| PB 0x0000000090d00000| Untracked |  0
| 176|0x0000000090e00000, 0x0000000090e00000, 0x0000000090f00000|  0%| F|  |TAMS 0x0000000090e00000| PB 0x0000000090e00000| Untracked |  0
| 177|0x0000000090f00000, 0x0000000090f00000, 0x0000000091000000|  0%| F|  |TAMS 0x0000000090f00000| PB 0x0000000090f00000| Untracked |  0
| 178|0x0000000091000000, 0x0000000091000000, 0x0000000091100000|  0%| F|  |TAMS 0x0000000091000000| PB 0x0000000091000000| Untracked |  0
| 179|0x0000000091100000, 0x0000000091100000, 0x0000000091200000|  0%| F|  |TAMS 0x0000000091100000| PB 0x0000000091100000| Untracked |  0
| 180|0x0000000091200000, 0x0000000091200000, 0x0000000091300000|  0%| F|  |TAMS 0x0000000091200000| PB 0x0000000091200000| Untracked |  0
| 181|0x0000000091300000, 0x0000000091300000, 0x0000000091400000|  0%| F|  |TAMS 0x0000000091300000| PB 0x0000000091300000| Untracked |  0
| 182|0x0000000091400000, 0x0000000091400000, 0x0000000091500000|  0%| F|  |TAMS 0x0000000091400000| PB 0x0000000091400000| Untracked |  0
| 183|0x0000000091500000, 0x0000000091500000, 0x0000000091600000|  0%| F|  |TAMS 0x0000000091500000| PB 0x0000000091500000| Untracked |  0
| 184|0x0000000091600000, 0x0000000091600000, 0x0000000091700000|  0%| F|  |TAMS 0x0000000091600000| PB 0x0000000091600000| Untracked |  0
| 185|0x0000000091700000, 0x0000000091700000, 0x0000000091800000|  0%| F|  |TAMS 0x0000000091700000| PB 0x0000000091700000| Untracked |  0
| 186|0x0000000091800000, 0x0000000091800000, 0x0000000091900000|  0%| F|  |TAMS 0x0000000091800000| PB 0x0000000091800000| Untracked |  0
| 187|0x0000000091900000, 0x0000000091900000, 0x0000000091a00000|  0%| F|  |TAMS 0x0000000091900000| PB 0x0000000091900000| Untracked |  0
| 188|0x0000000091a00000, 0x0000000091a00000, 0x0000000091b00000|  0%| F|  |TAMS 0x0000000091a00000| PB 0x0000000091a00000| Untracked |  0
| 189|0x0000000091b00000, 0x0000000091b00000, 0x0000000091c00000|  0%| F|  |TAMS 0x0000000091b00000| PB 0x0000000091b00000| Untracked |  0
| 190|0x0000000091c00000, 0x0000000091c00000, 0x0000000091d00000|  0%| F|  |TAMS 0x0000000091c00000| PB 0x0000000091c00000| Untracked |  0
| 191|0x0000000091d00000, 0x0000000091d00000, 0x0000000091e00000|  0%| F|  |TAMS 0x0000000091d00000| PB 0x0000000091d00000| Untracked |  0
| 192|0x0000000091e00000, 0x0000000091e00000, 0x0000000091f00000|  0%| F|  |TAMS 0x0000000091e00000| PB 0x0000000091e00000| Untracked |  0
| 193|0x0000000091f00000, 0x0000000091f00000, 0x0000000092000000|  0%| F|  |TAMS 0x0000000091f00000| PB 0x0000000091f00000| Untracked |  0
| 194|0x0000000092000000, 0x0000000092000000, 0x0000000092100000|  0%| F|  |TAMS 0x0000000092000000| PB 0x0000000092000000| Untracked |  0
| 195|0x0000000092100000, 0x0000000092100000, 0x0000000092200000|  0%| F|  |TAMS 0x0000000092100000| PB 0x0000000092100000| Untracked |  0
| 196|0x0000000092200000, 0x0000000092200000, 0x0000000092300000|  0%| F|  |TAMS 0x0000000092200000| PB 0x0000000092200000| Untracked |  0
| 197|0x0000000092300000, 0x0000000092300000, 0x0000000092400000|  0%| F|  |TAMS 0x0000000092300000| PB 0x0000000092300000| Untracked |  0
| 198|0x0000000092400000, 0x0000000092400000, 0x0000000092500000|  0%| F|  |TAMS 0x0000000092400000| PB 0x0000000092400000| Untracked |  0
| 199|0x0000000092500000, 0x0000000092500000, 0x0000000092600000|  0%| F|  |TAMS 0x0000000092500000| PB 0x0000000092500000| Untracked |  0
| 200|0x0000000092600000, 0x0000000092600000, 0x0000000092700000|  0%| F|  |TAMS 0x0000000092600000| PB 0x0000000092600000| Untracked |  0
| 201|0x0000000092700000, 0x0000000092700000, 0x0000000092800000|  0%| F|  |TAMS 0x0000000092700000| PB 0x0000000092700000| Untracked |  0
| 202|0x0000000092800000, 0x0000000092800000, 0x0000000092900000|  0%| F|  |TAMS 0x0000000092800000| PB 0x0000000092800000| Untracked |  0
| 203|0x0000000092900000, 0x0000000092900000, 0x0000000092a00000|  0%| F|  |TAMS 0x0000000092900000| PB 0x0000000092900000| Untracked |  0
| 204|0x0000000092a00000, 0x0000000092a00000, 0x0000000092b00000|  0%| F|  |TAMS 0x0000000092a00000| PB 0x0000000092a00000| Untracked |  0
| 205|0x0000000092b00000, 0x0000000092b00000, 0x0000000092c00000|  0%| F|  |TAMS 0x0000000092b00000| PB 0x0000000092b00000| Untracked |  0
| 206|0x0000000092c00000, 0x0000000092c00000, 0x0000000092d00000|  0%| F|  |TAMS 0x0000000092c00000| PB 0x0000000092c00000| Untracked |  0
| 207|0x0000000092d00000, 0x0000000092d00000, 0x0000000092e00000|  0%| F|  |TAMS 0x0000000092d00000| PB 0x0000000092d00000| Untracked |  0
| 208|0x0000000092e00000, 0x0000000092e00000, 0x0000000092f00000|  0%| F|  |TAMS 0x0000000092e00000| PB 0x0000000092e00000| Untracked |  0
| 209|0x0000000092f00000, 0x0000000092f00000, 0x0000000093000000|  0%| F|  |TAMS 0x0000000092f00000| PB 0x0000000092f00000| Untracked |  0
| 210|0x0000000093000000, 0x0000000093000000, 0x0000000093100000|  0%| F|  |TAMS 0x0000000093000000| PB 0x0000000093000000| Untracked |  0
| 211|0x0000000093100000, 0x0000000093171c00, 0x0000000093200000| 44%| S|CS|TAMS 0x0000000093100000| PB 0x0000000093100000| Complete |  0
| 212|0x0000000093200000, 0x0000000093200000, 0x0000000093300000|  0%| F|  |TAMS 0x0000000093200000| PB 0x0000000093200000| Untracked |  0
| 213|0x0000000093300000, 0x0000000093400000, 0x0000000093400000|100%| S|CS|TAMS 0x0000000093300000| PB 0x0000000093300000| Complete |  0
| 214|0x0000000093400000, 0x0000000093400000, 0x0000000093500000|  0%| F|  |TAMS 0x0000000093400000| PB 0x0000000093400000| Untracked |  0
| 215|0x0000000093500000, 0x0000000093500000, 0x0000000093600000|  0%| F|  |TAMS 0x0000000093500000| PB 0x0000000093500000| Untracked |  0
| 216|0x0000000093600000, 0x0000000093600000, 0x0000000093700000|  0%| F|  |TAMS 0x0000000093600000| PB 0x0000000093600000| Untracked |  0
| 217|0x0000000093700000, 0x0000000093700000, 0x0000000093800000|  0%| F|  |TAMS 0x0000000093700000| PB 0x0000000093700000| Untracked |  0
| 218|0x0000000093800000, 0x0000000093800000, 0x0000000093900000|  0%| F|  |TAMS 0x0000000093800000| PB 0x0000000093800000| Untracked |  0
|1938|0x00000000ff000000, 0x00000000ff100000, 0x00000000ff100000|100%| O|  |TAMS 0x00000000ff000000| PB 0x00000000ff000000| Untracked |  0
|1939|0x00000000ff100000, 0x00000000ff200000, 0x00000000ff200000|100%| O|  |TAMS 0x00000000ff100000| PB 0x00000000ff100000| Untracked |  0
|1940|0x00000000ff200000, 0x00000000ff300000, 0x00000000ff300000|100%| O|  |TAMS 0x00000000ff200000| PB 0x00000000ff200000| Untracked |  0
|1941|0x00000000ff300000, 0x00000000ff400000, 0x00000000ff400000|100%| O|  |TAMS 0x00000000ff300000| PB 0x00000000ff300000| Untracked |  0
|1942|0x00000000ff400000, 0x00000000ff400000, 0x00000000ff500000|  0%| F|  |TAMS 0x00000000ff400000| PB 0x00000000ff400000| Untracked |  0
|1943|0x00000000ff500000, 0x00000000ff500000, 0x00000000ff600000|  0%| F|  |TAMS 0x00000000ff500000| PB 0x00000000ff500000| Untracked |  0
|1944|0x00000000ff600000, 0x00000000ff600000, 0x00000000ff700000|  0%| F|  |TAMS 0x00000000ff600000| PB 0x00000000ff600000| Untracked |  0
|1945|0x00000000ff700000, 0x00000000ff800000, 0x00000000ff800000|100%| O|  |TAMS 0x00000000ff700000| PB 0x00000000ff700000| Untracked |  0
|1946|0x00000000ff800000, 0x00000000ff800000, 0x00000000ff900000|  0%| F|  |TAMS 0x00000000ff800000| PB 0x00000000ff800000| Untracked |  0
|1947|0x00000000ff900000, 0x00000000ffa00000, 0x00000000ffa00000|100%| O|  |TAMS 0x00000000ff900000| PB 0x00000000ff900000| Untracked |  0
|1948|0x00000000ffa00000, 0x00000000ffa00000, 0x00000000ffb00000|  0%| F|  |TAMS 0x00000000ffa00000| PB 0x00000000ffa00000| Untracked |  0
|1949|0x00000000ffb00000, 0x00000000ffb00000, 0x00000000ffc00000|  0%| F|  |TAMS 0x00000000ffb00000| PB 0x00000000ffb00000| Untracked |  0
|1950|0x00000000ffc00000, 0x00000000ffd00000, 0x00000000ffd00000|100%| O|  |TAMS 0x00000000ffc00000| PB 0x00000000ffc00000| Untracked |  0
|1951|0x00000000ffd00000, 0x00000000ffe00000, 0x00000000ffe00000|100%| O|  |TAMS 0x00000000ffd00000| PB 0x00000000ffd00000| Untracked |  0
|1952|0x00000000ffe00000, 0x00000000fff00000, 0x00000000fff00000|100%| O|  |TAMS 0x00000000ffe00000| PB 0x00000000ffe00000| Untracked |  0
|1953|0x00000000fff00000, 0x00000000fff00000, 0x0000000100000000|  0%| F|  |TAMS 0x00000000fff00000| PB 0x00000000fff00000| Untracked |  0

Card table byte_map: [0x00000172f3e90000,0x00000172f4270000] _byte_map_base: 0x00000172f3a61000

Marking Bits: (CMBitMap*) 0x00000172dbce9000
 Bits: [0x00000172f4270000, 0x00000172f60f8000)

Polling page: 0x00000172d9fb0000

Metaspace:
Metaspace        used 31058K, committed 31552K, reserved 1114112K
 class space     used 3666K, committed 3904K, reserved 1048576K

Usage:
  Non-class:     26.75 MB used.
      Class:      3.58 MB used.
       Both:     30.33 MB used.

Virtual space:
  Non-class space:       64.00 MB reserved,      27.00 MB ( 42%) committed,  1 nodes.
      Class space:        1.00 GB reserved,       3.81 MB ( <1%) committed,  1 nodes.
             Both:        1.06 GB reserved,      30.81 MB (  3%) committed. 

Chunk freelists:
   Non-Class:  4.78 MB
       Class:  12.23 MB
        Both:  17.02 MB

MaxMetaspaceSize: unlimited
CompressedClassSpaceSize: 1.00 GB
Initial GC threshold: 21.00 MB
Current GC threshold: 51.25 MB
CDS: on
 - commit_granule_bytes: 65536.
 - commit_granule_words: 8192.
 - virtual_space_node_default_size: 8388608.
 - enlarge_chunks_in_place: 1.
UseCompressedClassPointers 1, UseCompactObjectHeaders 0
Narrow klass pointer bits 32, Max shift 3
Narrow klass base: 0x0000000002000000, Narrow klass shift: 0
Encoding Range: [0x0000000002000000 - 0x0000000102000000), (4294967296 bytes)
Klass Range:    [0x0000000002010000 - 0x0000000043000000), (1090453504 bytes)
Klass ID Range:  [65536 - 1090519033) (1090453497)
Protection zone: [0x0000000002000000 - 0x0000000002010000), (65536 bytes)


Internal statistics:

num_allocs_failed_limit: 6.
num_arena_births: 302.
num_arena_deaths: 0.
num_vsnodes_births: 2.
num_vsnodes_deaths: 0.
num_space_committed: 493.
num_space_uncommitted: 0.
num_chunks_returned_to_freelist: 6.
num_chunks_taken_from_freelist: 1463.
num_chunk_merges: 6.
num_chunk_splits: 1007.
num_chunks_enlarged: 796.
num_inconsistent_stats: 0.

CodeHeap 'non-profiled nmethods': size=120064Kb used=3403Kb max_used=3431Kb free=116660Kb
 bounds [0x00000172ec240000, 0x00000172ec5a0000, 0x00000172f3780000]
CodeHeap 'profiled nmethods': size=120000Kb used=12446Kb max_used=13107Kb free=107553Kb
 bounds [0x00000172e4780000, 0x00000172e5450000, 0x00000172ebcb0000]
CodeHeap 'non-nmethods': size=5696Kb used=1478Kb max_used=1574Kb free=4217Kb
 bounds [0x00000172ebcb0000, 0x00000172ebf20000, 0x00000172ec240000]
CodeCache: size=245760Kb, used=17327Kb, max_used=18112Kb, free=228430Kb
 total_blobs=7691, nmethods=7087, adapters=506, full_count=0
Compilation: enabled, stopped_count=0, restarted_count=0

Compilation events (20 events):
Event: 13.511 Thread 0x00000172f8b14520 8220       3       io.github.classgraph.ObjectTypedValueWrapper::<init> (468 bytes)
Event: 13.511 Thread 0x00000172fdb51560 nmethod 8222 0x00000172ec3e7f08 code [0x00000172ec3e8000, 0x00000172ec3e81e0]
Event: 13.511 Thread 0x00000172fdb51560 8201   !   4       sun.nio.ch.IOUtil::read (133 bytes)
Event: 13.512 Thread 0x00000172f8aefcd0 nmethod 8204 0x00000172ec44f088 code [0x00000172ec44f180, 0x00000172ec44f6f0]
Event: 13.512 Thread 0x00000172f8aefcd0 8196   !   4       sun.nio.ch.FileChannelImpl::implRead (105 bytes)
Event: 13.513 Thread 0x00000172f8b14520 nmethod 8220 0x00000172e4ffad08 code [0x00000172e4ffae00, 0x00000172e4ffeb00]
Event: 13.513 Thread 0x00000172f8b14520 8221       3       io.github.classgraph.AnnotationInfo::getParameterValues (525 bytes)
Event: 13.514 Thread 0x0000017280440ec0 nmethod 8199 0x00000172ec502708 code [0x00000172ec502800, 0x00000172ec503ac8]
Event: 13.514 Thread 0x0000017280440ec0 8181       4       sun.nio.ch.FileDispatcherImpl::pread (10 bytes)
Event: 13.514 Thread 0x0000017280440ec0 nmethod 8181 0x00000172ec44ed08 code [0x00000172ec44ee00, 0x00000172ec44eeb0]
Event: 13.514 Thread 0x0000017280440ec0 8224   !   4       nonapi.io.github.classgraph.fileslice.reader.RandomAccessFileChannelReader::read (102 bytes)
Event: 13.514 Thread 0x00000172f8aefcd0 nmethod 8196 0x00000172ec4d8808 code [0x00000172ec4d8900, 0x00000172ec4d8c10]
Event: 13.514 Thread 0x00000172f8aefcd0 8223   !   4       java.nio.ByteBuffer::wrap (21 bytes)
Event: 13.517 Thread 0x00000172f8b14520 nmethod 8221 0x00000172e5067408 code [0x00000172e5067500, 0x00000172e506b580]
Event: 13.518 Thread 0x00000172f8aefcd0 nmethod 8223 0x00000172ec4b4388 code [0x00000172ec4b4480, 0x00000172ec4b46f8]
Event: 13.518 Thread 0x00000172f8aefcd0 8225       4       java.nio.HeapByteBuffer::<init> (23 bytes)
Event: 13.520 Thread 0x0000017280440ec0 nmethod 8224 0x00000172ec4d8088 code [0x00000172ec4d8180, 0x00000172ec4d8790]
Event: 13.520 Thread 0x00000172f8aefcd0 nmethod 8225 0x00000172ec4d7a88 code [0x00000172ec4d7b80, 0x00000172ec4d7fe0]
Event: 13.520 Thread 0x0000017280440ec0 8227       4       java.lang.invoke.VarHandleReferences$FieldInstanceReadWrite::compareAndSet (48 bytes)
Event: 13.520 Thread 0x00000172f8aefcd0 8226       4       io.github.classgraph.Classfile::getConstantPoolString (55 bytes)

GC Heap Usage History (20 events):
Event: 9.106 {heap After GC invocations=8 (full 0):
 garbage-first heap   total reserved 2000896K, committed 118784K, used 47104K [0x0000000085e00000, 0x0000000100000000)
  region size 1024K, 4 young (4096K), 4 survivors (4096K)
}
Event: 10.707 {heap Before GC invocations=9 (full 0):
 garbage-first heap   total reserved 2000896K, committed 118784K, used 91136K [0x0000000085e00000, 0x0000000100000000)
  region size 1024K, 47 young (48128K), 4 survivors (4096K)
}
Event: 10.734 {heap After GC invocations=10 (full 0):
 garbage-first heap   total reserved 2000896K, committed 118784K, used 46892K [0x0000000085e00000, 0x0000000100000000)
  region size 1024K, 3 young (3072K), 3 survivors (3072K)
}
Event: 11.469 {heap Before GC invocations=10 (full 0):
 garbage-first heap   total reserved 2000896K, committed 118784K, used 96044K [0x0000000085e00000, 0x0000000100000000)
  region size 1024K, 49 young (50176K), 3 survivors (3072K)
}
Event: 11.492 {heap After GC invocations=11 (full 0):
 garbage-first heap   total reserved 2000896K, committed 118784K, used 49561K [0x0000000085e00000, 0x0000000100000000)
  region size 1024K, 6 young (6144K), 6 survivors (6144K)
}
Event: 12.018 {heap Before GC invocations=11 (full 0):
 garbage-first heap   total reserved 2000896K, committed 118784K, used 103833K [0x0000000085e00000, 0x0000000100000000)
  region size 1024K, 52 young (53248K), 6 survivors (6144K)
}
Event: 12.060 {heap After GC invocations=12 (full 0):
 garbage-first heap   total reserved 2000896K, committed 122880K, used 68087K [0x0000000085e00000, 0x0000000100000000)
  region size 1024K, 7 young (7168K), 7 survivors (7168K)
}
Event: 12.242 {heap Before GC invocations=12 (full 0):
 garbage-first heap   total reserved 2000896K, committed 122880K, used 103927K [0x0000000085e00000, 0x0000000100000000)
  region size 1024K, 42 young (43008K), 7 survivors (7168K)
}
Event: 12.278 {heap After GC invocations=13 (full 0):
 garbage-first heap   total reserved 2000896K, committed 122880K, used 72192K [0x0000000085e00000, 0x0000000100000000)
  region size 1024K, 6 young (6144K), 6 survivors (6144K)
}
Event: 12.377 {heap Before GC invocations=14 (full 0):
 garbage-first heap   total reserved 2000896K, committed 122880K, used 102912K [0x0000000085e00000, 0x0000000100000000)
  region size 1024K, 39 young (39936K), 6 survivors (6144K)
}
Event: 13.397 {heap After GC invocations=15 (full 0):
 garbage-first heap   total reserved 2000896K, committed 240640K, used 72704K [0x0000000085e00000, 0x0000000100000000)
  region size 1024K, 3 young (3072K), 3 survivors (3072K)
}
Event: 13.439 {heap Before GC invocations=15 (full 0):
 garbage-first heap   total reserved 2000896K, committed 240640K, used 80896K [0x0000000085e00000, 0x0000000100000000)
  region size 1024K, 11 young (11264K), 3 survivors (3072K)
}
Event: 13.442 {heap After GC invocations=16 (full 0):
 garbage-first heap   total reserved 2000896K, committed 240640K, used 73467K [0x0000000085e00000, 0x0000000100000000)
  region size 1024K, 1 young (1024K), 1 survivors (1024K)
}
Event: 13.463 {heap Before GC invocations=16 (full 0):
 garbage-first heap   total reserved 2000896K, committed 240640K, used 82683K [0x0000000085e00000, 0x0000000100000000)
  region size 1024K, 11 young (11264K), 1 survivors (1024K)
}
Event: 13.467 {heap After GC invocations=17 (full 0):
 garbage-first heap   total reserved 2000896K, committed 240640K, used 71167K [0x0000000085e00000, 0x0000000100000000)
  region size 1024K, 2 young (2048K), 2 survivors (2048K)
}
Event: 13.486 {heap Before GC invocations=17 (full 0):
 garbage-first heap   total reserved 2000896K, committed 240640K, used 79359K [0x0000000085e00000, 0x0000000100000000)
  region size 1024K, 11 young (11264K), 2 survivors (2048K)
}
Event: 13.489 {heap After GC invocations=18 (full 0):
 garbage-first heap   total reserved 2000896K, committed 240640K, used 66805K [0x0000000085e00000, 0x0000000100000000)
  region size 1024K, 2 young (2048K), 2 survivors (2048K)
}
Event: 13.506 {heap Before GC invocations=18 (full 0):
 garbage-first heap   total reserved 2000896K, committed 240640K, used 74997K [0x0000000085e00000, 0x0000000100000000)
  region size 1024K, 11 young (11264K), 2 survivors (2048K)
}
Event: 13.510 {heap After GC invocations=19 (full 0):
 garbage-first heap   total reserved 2000896K, committed 240640K, used 62080K [0x0000000085e00000, 0x0000000100000000)
  region size 1024K, 2 young (2048K), 2 survivors (2048K)
}
Event: 13.523 {heap Before GC invocations=19 (full 0):
 garbage-first heap   total reserved 2000896K, committed 240640K, used 70272K [0x0000000085e00000, 0x0000000100000000)
  region size 1024K, 11 young (11264K), 2 survivors (2048K)
}

Metaspace Usage History (20 events):
Event: 9.106 {metaspace After GC invocations=8 (full 0):
 Metaspace       used 27039K, committed 27392K, reserved 1114112K
  class space    used 3237K, committed 3392K, reserved 1048576K
}
Event: 10.707 {metaspace Before GC invocations=9 (full 0):
 Metaspace       used 28563K, committed 28992K, reserved 1114112K
  class space    used 3405K, committed 3584K, reserved 1048576K
}
Event: 10.734 {metaspace After GC invocations=10 (full 0):
 Metaspace       used 28563K, committed 28992K, reserved 1114112K
  class space    used 3405K, committed 3584K, reserved 1048576K
}
Event: 11.469 {metaspace Before GC invocations=10 (full 0):
 Metaspace       used 29290K, committed 29696K, reserved 1114112K
  class space    used 3481K, committed 3648K, reserved 1048576K
}
Event: 11.492 {metaspace After GC invocations=11 (full 0):
 Metaspace       used 29290K, committed 29696K, reserved 1114112K
  class space    used 3481K, committed 3648K, reserved 1048576K
}
Event: 12.018 {metaspace Before GC invocations=11 (full 0):
 Metaspace       used 30632K, committed 31040K, reserved 1114112K
  class space    used 3633K, committed 3840K, reserved 1048576K
}
Event: 12.060 {metaspace After GC invocations=12 (full 0):
 Metaspace       used 30632K, committed 31040K, reserved 1114112K
  class space    used 3633K, committed 3840K, reserved 1048576K
}
Event: 12.242 {metaspace Before GC invocations=12 (full 0):
 Metaspace       used 30898K, committed 31360K, reserved 1114112K
  class space    used 3657K, committed 3840K, reserved 1048576K
}
Event: 12.278 {metaspace After GC invocations=13 (full 0):
 Metaspace       used 30898K, committed 31360K, reserved 1114112K
  class space    used 3657K, committed 3840K, reserved 1048576K
}
Event: 12.377 {metaspace Before GC invocations=14 (full 0):
 Metaspace       used 31035K, committed 31552K, reserved 1114112K
  class space    used 3666K, committed 3904K, reserved 1048576K
}
Event: 13.397 {metaspace After GC invocations=15 (full 0):
 Metaspace       used 31035K, committed 31552K, reserved 1114112K
  class space    used 3666K, committed 3904K, reserved 1048576K
}
Event: 13.439 {metaspace Before GC invocations=15 (full 0):
 Metaspace       used 31037K, committed 31552K, reserved 1114112K
  class space    used 3666K, committed 3904K, reserved 1048576K
}
Event: 13.442 {metaspace After GC invocations=16 (full 0):
 Metaspace       used 31037K, committed 31552K, reserved 1114112K
  class space    used 3666K, committed 3904K, reserved 1048576K
}
Event: 13.463 {metaspace Before GC invocations=16 (full 0):
 Metaspace       used 31037K, committed 31552K, reserved 1114112K
  class space    used 3666K, committed 3904K, reserved 1048576K
}
Event: 13.467 {metaspace After GC invocations=17 (full 0):
 Metaspace       used 31037K, committed 31552K, reserved 1114112K
  class space    used 3666K, committed 3904K, reserved 1048576K
}
Event: 13.486 {metaspace Before GC invocations=17 (full 0):
 Metaspace       used 31037K, committed 31552K, reserved 1114112K
  class space    used 3666K, committed 3904K, reserved 1048576K
}
Event: 13.489 {metaspace After GC invocations=18 (full 0):
 Metaspace       used 31037K, committed 31552K, reserved 1114112K
  class space    used 3666K, committed 3904K, reserved 1048576K
}
Event: 13.506 {metaspace Before GC invocations=18 (full 0):
 Metaspace       used 31050K, committed 31552K, reserved 1114112K
  class space    used 3666K, committed 3904K, reserved 1048576K
}
Event: 13.510 {metaspace After GC invocations=19 (full 0):
 Metaspace       used 31050K, committed 31552K, reserved 1114112K
  class space    used 3666K, committed 3904K, reserved 1048576K
}
Event: 13.523 {metaspace Before GC invocations=19 (full 0):
 Metaspace       used 31058K, committed 31552K, reserved 1114112K
  class space    used 3666K, committed 3904K, reserved 1048576K
}

Dll operation events (7 events):
Event: 0.015 Loaded shared library C:\Program Files\Apache NetBeans\jdk\bin\java.dll
Event: 0.096 Loaded shared library C:\Program Files\Apache NetBeans\jdk\bin\net.dll
Event: 0.099 Loaded shared library C:\Program Files\Apache NetBeans\jdk\bin\nio.dll
Event: 0.105 Loaded shared library C:\Program Files\Apache NetBeans\jdk\bin\zip.dll
Event: 0.303 Loaded shared library C:\Program Files\Apache NetBeans\java\maven\lib\jansi-native\Windows\x86_64\jansi.dll
Event: 0.306 Loaded shared library C:\Program Files\Apache NetBeans\jdk\bin\jimage.dll
Event: 0.322 Loaded shared library C:\Program Files\Apache NetBeans\jdk\bin\verify.dll

Deoptimization events (20 events):
Event: 12.232 Thread 0x00000172fdfd2b30 Uncommon trap: trap_request=0xffffff45 fr.pc=0x00000172ec2b0804 relative=0x0000000000000b04
Event: 12.232 Thread 0x00000172fdfd2b30 Uncommon trap: reason=unstable_if action=reinterpret pc=0x00000172ec2b0804 method=java.util.concurrent.ConcurrentHashMap.transfer([Ljava/util/concurrent/ConcurrentHashMap$Node;[Ljava/util/concurrent/ConcurrentHashMap$Node;)V @ 273 c2
Event: 12.232 Thread 0x00000172fdfd2b30 DEOPT PACKING pc=0x00000172ec2b0804 sp=0x00000070a84fe8a0
Event: 12.232 Thread 0x00000172fdfd2b30 DEOPT UNPACKING pc=0x00000172ebdc8382 sp=0x00000070a84fe800 mode 2
Event: 12.285 Thread 0x00000172fdfd69b0 Uncommon trap: trap_request=0xffffff45 fr.pc=0x00000172ec28a220 relative=0x0000000000000ca0
Event: 12.285 Thread 0x00000172fdfd69b0 Uncommon trap: reason=unstable_if action=reinterpret pc=0x00000172ec28a220 method=java.util.concurrent.ConcurrentHashMap.transfer([Ljava/util/concurrent/ConcurrentHashMap$Node;[Ljava/util/concurrent/ConcurrentHashMap$Node;)V @ 273 c2
Event: 12.285 Thread 0x00000172fdfd69b0 DEOPT PACKING pc=0x00000172ec28a220 sp=0x00000070a8afeb40
Event: 12.285 Thread 0x00000172fdfd69b0 DEOPT UNPACKING pc=0x00000172ebdc8382 sp=0x00000070a8afeaa0 mode 2
Event: 12.303 Thread 0x00000172fdfd61e0 Uncommon trap: trap_request=0xffffff45 fr.pc=0x00000172ec591430 relative=0x00000000000009b0
Event: 12.303 Thread 0x00000172fdfd61e0 Uncommon trap: reason=unstable_if action=reinterpret pc=0x00000172ec591430 method=nonapi.io.github.classgraph.utils.StringUtils.readString([BIIZZ)Ljava/lang/String; @ 478 c2
Event: 12.303 Thread 0x00000172fdfd61e0 DEOPT PACKING pc=0x00000172ec591430 sp=0x00000070a8dfebb0
Event: 12.303 Thread 0x00000172fdfd61e0 DEOPT UNPACKING pc=0x00000172ebdc8382 sp=0x00000070a8dfeb60 mode 2
Event: 13.421 Thread 0x00000172fdfd42a0 DEOPT PACKING pc=0x00000172e5414d31 sp=0x00000070a88fe9a0
Event: 13.421 Thread 0x00000172fdfd42a0 DEOPT UNPACKING pc=0x00000172ebd01702 sp=0x00000070a88fdf00 mode 0
Event: 13.427 Thread 0x00000172f8c405e0 DEOPT PACKING pc=0x00000172e5414d31 sp=0x00000070a83fea40
Event: 13.427 Thread 0x00000172f8c405e0 DEOPT UNPACKING pc=0x00000172ebd01702 sp=0x00000070a83fdfa0 mode 0
Event: 13.433 Thread 0x00000172fdfd3300 DEOPT PACKING pc=0x00000172e540f2f9 sp=0x00000070a85fee40
Event: 13.433 Thread 0x00000172fdfd3300 DEOPT UNPACKING pc=0x00000172ebd01702 sp=0x00000070a85fe2f0 mode 0
Event: 13.439 Thread 0x00000172fdfd69b0 DEOPT PACKING pc=0x00000172e540f2f9 sp=0x00000070a8afec30
Event: 13.439 Thread 0x00000172fdfd69b0 DEOPT UNPACKING pc=0x00000172ebd01702 sp=0x00000070a8afe0e0 mode 0

Classes loaded (20 events):
Event: 11.799 Loading class java/nio/DirectByteBuffer$Deallocator
Event: 11.800 Loading class java/nio/DirectByteBuffer$Deallocator done
Event: 11.854 Loading class java/util/concurrent/ThreadPoolExecutor$Worker
Event: 11.854 Loading class java/util/concurrent/ThreadPoolExecutor$Worker done
Event: 11.854 Loading class java/io/Console
Event: 11.855 Loading class java/io/Console done
Event: 11.855 Loading class java/lang/SecurityManager
Event: 11.855 Loading class java/lang/SecurityManager done
Event: 11.889 Loading class java/nio/BufferUnderflowException
Event: 11.889 Loading class java/nio/BufferUnderflowException done
Event: 11.891 Loading class java/nio/ReadOnlyBufferException
Event: 11.891 Loading class java/nio/ReadOnlyBufferException done
Event: 11.896 Loading class java/util/zip/DataFormatException
Event: 11.897 Loading class java/util/zip/DataFormatException done
Event: 11.938 Loading class java/util/concurrent/locks/AbstractQueuedSynchronizer$ExclusiveNode
Event: 11.938 Loading class java/util/concurrent/locks/AbstractQueuedSynchronizer$Node
Event: 11.938 Loading class java/util/concurrent/locks/AbstractQueuedSynchronizer$Node done
Event: 11.938 Loading class java/util/concurrent/locks/AbstractQueuedSynchronizer$ExclusiveNode done
Event: 12.080 Loading class java/util/concurrent/locks/AbstractQueuedSynchronizer$ConditionNode
Event: 12.080 Loading class java/util/concurrent/locks/AbstractQueuedSynchronizer$ConditionNode done

Classes unloaded (0 events):
No events

Classes redefined (0 events):
No events

Internal exceptions (20 events):
Event: 9.507 Thread 0x00000172d98e6920 Exception <a 'sun/nio/fs/WindowsException'{0x000000008bb45968}> (0x000000008bb45968) 
thrown [s\src\hotspot\share\prims\jni.cpp, line 516]
Event: 9.507 Thread 0x00000172d98e6920 Exception <a 'sun/nio/fs/WindowsException'{0x000000008bb46f60}> (0x000000008bb46f60) 
thrown [s\src\hotspot\share\prims\jni.cpp, line 516]
Event: 9.507 Thread 0x00000172d98e6920 Exception <a 'sun/nio/fs/WindowsException'{0x000000008bb48b08}> (0x000000008bb48b08) 
thrown [s\src\hotspot\share\prims\jni.cpp, line 516]
Event: 9.507 Thread 0x00000172d98e6920 Exception <a 'sun/nio/fs/WindowsException'{0x000000008bb49830}> (0x000000008bb49830) 
thrown [s\src\hotspot\share\prims\jni.cpp, line 516]
Event: 9.694 Thread 0x00000172d98e6920 Exception <a 'sun/nio/fs/WindowsException'{0x000000008b76a810}> (0x000000008b76a810) 
thrown [s\src\hotspot\share\prims\jni.cpp, line 516]
Event: 9.694 Thread 0x00000172d98e6920 Exception <a 'sun/nio/fs/WindowsException'{0x000000008b76aeb0}> (0x000000008b76aeb0) 
thrown [s\src\hotspot\share\prims\jni.cpp, line 516]
Event: 9.699 Thread 0x00000172d98e6920 Exception <a 'java/io/IOException'{0x000000008b780f00}> (0x000000008b780f00) 
thrown [s\src\hotspot\share\prims\jni.cpp, line 516]
Event: 9.717 Thread 0x00000172d98e6920 Exception <a 'sun/nio/fs/WindowsException'{0x000000008b781cd0}> (0x000000008b781cd0) 
thrown [s\src\hotspot\share\prims\jni.cpp, line 516]
Event: 10.762 Thread 0x0000017281a76d80 Exception <a 'java/lang/NoSuchMethodError'{0x000000008c2578f8}: 'java.lang.Object java.lang.invoke.DirectMethodHandle$Holder.invokeStatic(java.lang.Object, long, java.lang.Object)'> (0x000000008c2578f8) 
thrown [s\src\hotspot\share\interpreter\linkResolver.cpp, line 804]
Event: 10.762 Thread 0x0000017281a76d80 Exception <a 'java/lang/NoSuchMethodError'{0x000000008c25f778}: 'java.lang.Object java.lang.invoke.DirectMethodHandle$Holder.invokeStaticInit(java.lang.Object, long, java.lang.Object)'> (0x000000008c25f778) 
thrown [s\src\hotspot\share\interpreter\linkResolver.cpp, line 804]
Event: 10.763 Thread 0x0000017281a76d80 Exception <a 'java/lang/NoSuchMethodError'{0x000000008c26e988}: 'java.lang.Object java.lang.invoke.DirectMethodHandle$Holder.newInvokeSpecial(java.lang.Object, long)'> (0x000000008c26e988) 
thrown [s\src\hotspot\share\interpreter\linkResolver.cpp, line 804]
Event: 10.769 Thread 0x0000017281a76d80 Exception <a 'java/lang/NoSuchMethodError'{0x000000008c278b08}: 'long java.lang.invoke.DirectMethodHandle$Holder.invokeInterface(java.lang.Object, java.lang.Object)'> (0x000000008c278b08) 
thrown [s\src\hotspot\share\interpreter\linkResolver.cpp, line 804]
Event: 10.771 Thread 0x0000017281a76d80 Exception <a 'java/lang/NoSuchMethodError'{0x000000008c288cb0}: 'long java.lang.invoke.DelegatingMethodHandle$Holder.reinvoke_L(java.lang.Object, java.lang.Object)'> (0x000000008c288cb0) 
thrown [s\src\hotspot\share\interpreter\linkResolver.cpp, line 804]
Event: 11.593 Thread 0x00000172d98e6920 Exception <a 'java/lang/NoSuchMethodError'{0x000000008c155678}: 'java.lang.Object java.lang.invoke.DirectMethodHandle$Holder.invokeInterface(java.lang.Object, java.lang.Object, java.lang.Object)'> (0x000000008c155678) 
thrown [s\src\hotspot\share\interpreter\linkResolver.cpp, line 804]
Event: 11.728 Thread 0x00000172d98e6920 Exception <a 'java/lang/NoSuchMethodError'{0x000000008ba9f5b8}: 'int java.lang.invoke.Invokers$Holder.invokeExact_MT(java.lang.Object, java.lang.Object, java.lang.Object)'> (0x000000008ba9f5b8) 
thrown [s\src\hotspot\share\interpreter\linkResolver.cpp, line 804]
Event: 11.739 Thread 0x00000172d98e6920 Exception <a 'java/lang/NoSuchMethodError'{0x000000008b9023a8}: 'int java.lang.invoke.DirectMethodHandle$Holder.invokeSpecialIFC(java.lang.Object, java.lang.Object, java.lang.Object)'> (0x000000008b9023a8) 
thrown [s\src\hotspot\share\interpreter\linkResolver.cpp, line 804]
Event: 11.784 Thread 0x00000172d98e6920 Exception <a 'java/lang/NoSuchMethodError'{0x000000008b9b7cf0}: method resolution failed> (0x000000008b9b7cf0) 
thrown [s\src\hotspot\share\prims\methodHandles.cpp, line 1133]
Event: 11.786 Thread 0x00000172d98e6920 Exception <a 'java/lang/NoSuchMethodError'{0x000000008b9b9c90}: 'java.lang.Object java.lang.invoke.DirectMethodHandle$Holder.invokeStatic(java.lang.Object, java.lang.Object, int)'> (0x000000008b9b9c90) 
thrown [s\src\hotspot\share\interpreter\linkResolver.cpp, line 804]
Event: 11.787 Thread 0x00000172d98e6920 Exception <a 'java/lang/NoSuchMethodError'{0x000000008b9c2440}: 'void java.lang.invoke.DirectMethodHandle$Holder.invokeStatic(java.lang.Object, java.lang.Object, int, java.lang.Object)'> (0x000000008b9c2440) 
thrown [s\src\hotspot\share\interpreter\linkResolver.cpp, line 804]
Event: 11.789 Thread 0x00000172d98e6920 Exception <a 'java/lang/NoSuchMethodError'{0x000000008b9d24b8}: 'void java.lang.invoke.DelegatingMethodHandle$Holder.delegate(java.lang.Object, java.lang.Object, int, java.lang.Object)'> (0x000000008b9d24b8) 
thrown [s\src\hotspot\share\interpreter\linkResolver.cpp, line 804]

VM Operations (20 events):
Event: 12.126 Executing non-safepoint VM operation: HandshakeAllThreads (Deoptimize) done
Event: 12.217 Executing non-safepoint VM operation: HandshakeAllThreads (Deoptimize)
Event: 12.218 Executing non-safepoint VM operation: HandshakeAllThreads (Deoptimize) done
Event: 12.242 Executing safepoint VM operation: G1CollectForAllocation (G1 Evacuation Pause)
Event: 12.278 Executing safepoint VM operation: G1CollectForAllocation (G1 Evacuation Pause) done
Event: 12.338 Executing safepoint VM operation: G1PauseRemark
Event: 12.354 Executing safepoint VM operation: G1PauseRemark done
Event: 12.376 Executing safepoint VM operation: G1CollectForAllocation (G1 Evacuation Pause)
Event: 13.400 Executing safepoint VM operation: G1CollectForAllocation (G1 Evacuation Pause) done
Event: 13.416 Executing safepoint VM operation: G1PauseCleanup
Event: 13.417 Executing safepoint VM operation: G1PauseCleanup done
Event: 13.439 Executing safepoint VM operation: G1CollectForAllocation (G1 Evacuation Pause)
Event: 13.442 Executing safepoint VM operation: G1CollectForAllocation (G1 Evacuation Pause) done
Event: 13.463 Executing safepoint VM operation: G1CollectForAllocation (G1 Evacuation Pause)
Event: 13.467 Executing safepoint VM operation: G1CollectForAllocation (G1 Evacuation Pause) done
Event: 13.486 Executing safepoint VM operation: G1CollectForAllocation (G1 Evacuation Pause)
Event: 13.489 Executing safepoint VM operation: G1CollectForAllocation (G1 Evacuation Pause) done
Event: 13.506 Executing safepoint VM operation: G1CollectForAllocation (G1 Evacuation Pause)
Event: 13.510 Executing safepoint VM operation: G1CollectForAllocation (G1 Evacuation Pause) done
Event: 13.523 Executing safepoint VM operation: G1CollectForAllocation (G1 Evacuation Pause)

Memory protections (0 events):
No events

Nmethod flushes (20 events):
Event: 12.353 Thread 0x00000172f8ac9f10 flushing  nmethod 0x00000172e5146988
Event: 12.353 Thread 0x00000172f8ac9f10 flushing  nmethod 0x00000172e5156308
Event: 12.353 Thread 0x00000172f8ac9f10 flushing  nmethod 0x00000172e5165508
Event: 12.353 Thread 0x00000172f8ac9f10 flushing  nmethod 0x00000172e5168488
Event: 12.353 Thread 0x00000172f8ac9f10 flushing  nmethod 0x00000172e5188b08
Event: 12.353 Thread 0x00000172f8ac9f10 flushing  nmethod 0x00000172e518d508
Event: 12.353 Thread 0x00000172f8ac9f10 flushing  nmethod 0x00000172e51bec88
Event: 12.353 Thread 0x00000172f8ac9f10 flushing  nmethod 0x00000172e51bef88
Event: 12.353 Thread 0x00000172f8ac9f10 flushing  nmethod 0x00000172e51c1788
Event: 12.353 Thread 0x00000172f8ac9f10 flushing  nmethod 0x00000172e51c2e88
Event: 12.353 Thread 0x00000172f8ac9f10 flushing  nmethod 0x00000172e51f6d08
Event: 12.353 Thread 0x00000172f8ac9f10 flushing  nmethod 0x00000172e5224e88
Event: 12.353 Thread 0x00000172f8ac9f10 flushing  nmethod 0x00000172e5232f88
Event: 12.353 Thread 0x00000172f8ac9f10 flushing  nmethod 0x00000172e5243088
Event: 12.353 Thread 0x00000172f8ac9f10 flushing  nmethod 0x00000172e5244f08
Event: 12.353 Thread 0x00000172f8ac9f10 flushing  nmethod 0x00000172e5256988
Event: 12.353 Thread 0x00000172f8ac9f10 flushing  nmethod 0x00000172e5256d08
Event: 12.353 Thread 0x00000172f8ac9f10 flushing  nmethod 0x00000172e5257f08
Event: 12.353 Thread 0x00000172f8ac9f10 flushing  nmethod 0x00000172e5258888
Event: 12.353 Thread 0x00000172f8ac9f10 flushing  nmethod 0x00000172e5259f88

Events (20 events):
Event: 10.701 Thread 0x00000172d98e6920 Thread added: 0x0000017281a76d80
Event: 10.772 Thread 0x0000017281a76d80 Thread exited: 0x0000017281a76d80
Event: 11.302 Thread 0x00000172fdb4f520 Thread exited: 0x00000172fdb4f520
Event: 11.341 Thread 0x00000172f8b14520 Thread added: 0x00000172fdb51560
Event: 11.580 Thread 0x00000172d98e6920 Thread added: 0x000001728199b5e0
Event: 11.856 Thread 0x00000172d98e6920 Thread added: 0x00000172fdec95a0
Event: 11.862 Thread 0x00000172fdec95a0 Thread added: 0x00000172f8c42cf0
Event: 11.863 Thread 0x00000172fdec95a0 Thread added: 0x00000172f8c405e0
Event: 11.863 Thread 0x00000172fdec95a0 Thread added: 0x00000172fdfd2b30
Event: 11.863 Thread 0x00000172fdec95a0 Thread added: 0x00000172fdfd3300
Event: 11.863 Thread 0x00000172fdec95a0 Thread added: 0x00000172fdfd2360
Event: 11.863 Thread 0x00000172fdec95a0 Thread added: 0x00000172fdfd4a70
Event: 11.863 Thread 0x00000172fdec95a0 Thread added: 0x00000172fdfd42a0
Event: 11.863 Thread 0x00000172fdec95a0 Thread added: 0x00000172fdfd5240
Event: 11.863 Thread 0x00000172fdec95a0 Thread added: 0x00000172fdfd69b0
Event: 11.863 Thread 0x00000172fdec95a0 Thread added: 0x00000172fdfd5a10
Event: 11.864 Thread 0x00000172fdec95a0 Thread added: 0x00000172fdfd7180
Event: 11.864 Thread 0x00000172fdec95a0 Thread added: 0x00000172fdfd61e0
Event: 11.864 Thread 0x00000172fdec95a0 Thread added: 0x00000172fdfd3ad0
Event: 13.398 Thread 0x00000172f8aefcd0 Thread added: 0x0000017280440ec0


Dynamic libraries:
0x00007ff689450000 - 0x00007ff68945e000 	C:\Program Files\Apache NetBeans\jdk\bin\java.exe
0x00007ffcc3300000 - 0x00007ffcc3567000 	C:\WINDOWS\SYSTEM32\ntdll.dll
0x00007ffcc2160000 - 0x00007ffcc2229000 	C:\WINDOWS\System32\KERNEL32.DLL
0x00007ffcc07b0000 - 0x00007ffcc0ba4000 	C:\WINDOWS\System32\KERNELBASE.dll
0x00007ffcc0e60000 - 0x00007ffcc0fab000 	C:\WINDOWS\System32\ucrtbase.dll
0x00007ffcb3740000 - 0x00007ffcb3756000 	C:\Program Files\Apache NetBeans\jdk\bin\jli.dll
0x00007ffcb37e0000 - 0x00007ffcb37fe000 	C:\Program Files\Apache NetBeans\jdk\bin\VCRUNTIME140.dll
0x00007ffcc1c10000 - 0x00007ffcc1dd5000 	C:\WINDOWS\System32\USER32.dll
0x00007ffcc1060000 - 0x00007ffcc1087000 	C:\WINDOWS\System32\win32u.dll
0x00007ffca7c40000 - 0x00007ffca7ed3000 	C:\WINDOWS\WinSxS\amd64_microsoft.windows.common-controls_6595b64144ccf1df_6.0.26100.8115_none_3e075c82e3354f9c\COMCTL32.dll
0x00007ffcc2a10000 - 0x00007ffcc2a3b000 	C:\WINDOWS\System32\GDI32.dll
0x00007ffcc31c0000 - 0x00007ffcc3269000 	C:\WINDOWS\System32\msvcrt.dll
0x00007ffcc0bb0000 - 0x00007ffcc0cdb000 	C:\WINDOWS\System32\gdi32full.dll
0x00007ffcbfbd0000 - 0x00007ffcbfc73000 	C:\WINDOWS\System32\msvcp_win.dll
0x00007ffcc27e0000 - 0x00007ffcc2812000 	C:\WINDOWS\System32\IMM32.DLL
0x00007ffcb4150000 - 0x00007ffcb415c000 	C:\Program Files\Apache NetBeans\jdk\bin\vcruntime140_1.dll
0x00007ffc88370000 - 0x00007ffc883fd000 	C:\Program Files\Apache NetBeans\jdk\bin\msvcp140.dll
0x00007ffc58c30000 - 0x00007ffc59b56000 	C:\Program Files\Apache NetBeans\jdk\bin\server\jvm.dll
0x00007ffcc16a0000 - 0x00007ffcc1756000 	C:\WINDOWS\System32\ADVAPI32.dll
0x00007ffcc22a0000 - 0x00007ffcc2347000 	C:\WINDOWS\System32\sechost.dll
0x00007ffcc1ec0000 - 0x00007ffcc1fd8000 	C:\WINDOWS\System32\RPCRT4.dll
0x00007ffcc2830000 - 0x00007ffcc28b0000 	C:\WINDOWS\System32\WS2_32.dll
0x00007ffcbfa50000 - 0x00007ffcbfaae000 	C:\WINDOWS\SYSTEM32\POWRPROF.dll
0x00007ffca9e70000 - 0x00007ffca9e7b000 	C:\WINDOWS\SYSTEM32\VERSION.dll
0x00007ffcb63a0000 - 0x00007ffcb63d6000 	C:\WINDOWS\SYSTEM32\WINMM.dll
0x00007ffcbfa30000 - 0x00007ffcbfa44000 	C:\WINDOWS\SYSTEM32\UMPDC.dll
0x00007ffcbe960000 - 0x00007ffcbe97b000 	C:\WINDOWS\SYSTEM32\kernel.appcore.dll
0x00007ffcb3770000 - 0x00007ffcb377a000 	C:\Program Files\Apache NetBeans\jdk\bin\jimage.dll
0x00007ffcbdb60000 - 0x00007ffcbdda2000 	C:\WINDOWS\SYSTEM32\DBGHELP.DLL
0x00007ffcc2450000 - 0x00007ffcc27d2000 	C:\WINDOWS\System32\combase.dll
0x00007ffcc2350000 - 0x00007ffcc2428000 	C:\WINDOWS\System32\OLEAUT32.dll
0x00007ffca3bc0000 - 0x00007ffca3bfb000 	C:\WINDOWS\SYSTEM32\dbgcore.DLL
0x00007ffcc0fb0000 - 0x00007ffcc1055000 	C:\WINDOWS\System32\bcryptPrimitives.dll
0x00007ffcb3780000 - 0x00007ffcb379e000 	C:\Program Files\Apache NetBeans\jdk\bin\java.dll
0x00007ffcc10c0000 - 0x00007ffcc1257000 	C:\WINDOWS\System32\ole32.dll
0x00007ffcc2a40000 - 0x00007ffcc31a7000 	C:\WINDOWS\System32\SHELL32.dll
0x00007ffcc0640000 - 0x00007ffcc07aa000 	C:\WINDOWS\System32\wintypes.dll
0x00007ffcbfc80000 - 0x00007ffcc04e8000 	C:\WINDOWS\System32\windows.storage.dll
0x00007ffcc13c0000 - 0x00007ffcc14b8000 	C:\WINDOWS\System32\SHCORE.dll
0x00007ffcc2230000 - 0x00007ffcc2296000 	C:\WINDOWS\System32\shlwapi.dll
0x00007ffcbfaf0000 - 0x00007ffcbfb19000 	C:\WINDOWS\SYSTEM32\profapi.dll
0x00007ffcb3700000 - 0x00007ffcb3711000 	C:\Program Files\Apache NetBeans\jdk\bin\net.dll
0x00007ffcbeed0000 - 0x00007ffcbef3c000 	C:\WINDOWS\system32\mswsock.dll
0x00007ffcb36e0000 - 0x00007ffcb36f6000 	C:\Program Files\Apache NetBeans\jdk\bin\nio.dll
0x00007ffcb3720000 - 0x00007ffcb3737000 	C:\Program Files\Apache NetBeans\jdk\bin\zip.dll
0x00007ffcb3880000 - 0x00007ffcb38a4000 	C:\Program Files\Apache NetBeans\java\maven\lib\jansi-native\Windows\x86_64\jansi.dll
0x00007ffcb36d0000 - 0x00007ffcb36e0000 	C:\Program Files\Apache NetBeans\jdk\bin\verify.dll

JVMTI agents: none

dbghelp: loaded successfully - version: 4.0.5 - missing functions: none
symbol engine: initialized successfully - sym options: 0x614 - pdb path: .;C:\Program Files\Apache NetBeans\jdk\bin;C:\WINDOWS\SYSTEM32;C:\WINDOWS\WinSxS\amd64_microsoft.windows.common-controls_6595b64144ccf1df_6.0.26100.8115_none_3e075c82e3354f9c;C:\Program Files\Apache NetBeans\jdk\bin\server;C:\Program Files\Apache NetBeans\java\maven\lib\jansi-native\Windows\x86_64

VM Arguments:
jvm_args: -Dsun.stdout.encoding=UTF-8 -Dsun.stderr.encoding=UTF-8 --enable-native-access=ALL-UNNAMED -Dclassworlds.conf=C:\Program Files\Apache NetBeans\java\maven\bin\m2.conf -Dmaven.home=C:\Program Files\Apache NetBeans\java\maven -Dlibrary.jansi.path=C:\Program Files\Apache NetBeans\java\maven\lib\jansi-native -Dmaven.multiModuleProjectDirectory=C:\Users\alexp\OneDrive\Documentos\NetBeansProjects\LibreriaWeb 
java_command: org.codehaus.plexus.classworlds.launcher.Launcher -Dnetbeans.deploy=true -Dexec.vmArgs= -Dexec.appArgs= -Dmaven.ext.class.path=C:\Program Files\Apache NetBeans\java\maven-nblib\netbeans-eventspy.jar --no-transfer-progress package
java_class_path (initial): C:\Program Files\Apache NetBeans\java\maven\boot\plexus-classworlds-2.9.0.jar
Launcher Type: SUN_STANDARD

[Global flags]
     intx CICompilerCount                          = 4                                         {product} {ergonomic}
     uint ConcGCThreads                            = 2                                         {product} {ergonomic}
     uint G1ConcRefinementThreads                  = 8                                         {product} {ergonomic}
   size_t G1HeapRegionSize                         = 1048576                                   {product} {ergonomic}
   size_t InitialHeapSize                          = 130023424                                 {product} {ergonomic}
   size_t MarkStackSize                            = 4194304                                   {product} {ergonomic}
   size_t MarkStackSizeMax                         = 536870912                                 {product} {ergonomic}
   size_t MaxHeapSize                              = 2048917504                                {product} {ergonomic}
   size_t MaxNewSize                               = 1228931072                                {product} {ergonomic}
   size_t MinHeapDeltaBytes                        = 1048576                                   {product} {ergonomic}
   size_t MinHeapSize                              = 8388608                                   {product} {ergonomic}
    uintx NonNMethodCodeHeapSize                   = 5832704                                {pd product} {ergonomic}
    uintx NonProfiledCodeHeapSize                  = 122945536                              {pd product} {ergonomic}
    uintx ProfiledCodeHeapSize                     = 122880000                              {pd product} {ergonomic}
    uintx ReservedCodeCacheSize                    = 251658240                              {pd product} {ergonomic}
     bool SegmentedCodeCache                       = true                                      {product} {ergonomic}
   size_t SoftMaxHeapSize                          = 2048917504                             {manageable} {ergonomic}
     bool UseCompressedOops                        = true                           {product lp64_product} {ergonomic}
     bool UseG1GC                                  = true                                      {product} {ergonomic}
     bool UseLargePagesIndividualAllocation        = false                                  {pd product} {ergonomic}

Logging:
Log output configuration:
 #0: stdout all=warning uptime,level,tags foldmultilines=false
 #1: stderr all=off uptime,level,tags foldmultilines=false

Release file:
IMPLEMENTOR="Eclipse Adoptium" 
IMPLEMENTOR_VERSION="Temurin-25.0.2+10" 
JAVA_RUNTIME_VERSION="25.0.2+10-LTS" 
JAVA_VERSION="25.0.2" 
JAVA_VERSION_DATE="2026-01-20" 
LIBC="default" 
MODULES="java.base java.compiler java.datatransfer java.xml java.prefs java.desktop java.instrument java.logging java.management java.security.sasl java.naming java.rmi java.management.rmi java.net.http java.scripting java.security.jgss java.transaction.xa java.sql java.sql.rowset java.xml.crypto java.se java.smartcardio jdk.accessibility jdk.internal.jvmstat jdk.attach jdk.charsets jdk.internal.opt jdk.zipfs jdk.compiler jdk.crypto.cryptoki jdk.crypto.ec jdk.crypto.mscapi jdk.dynalink jdk.internal.ed jdk.editpad jdk.internal.vm.ci jdk.graal.compiler jdk.graal.compiler.management jdk.hotspot.agent jdk.httpserver jdk.incubator.vector jdk.internal.le jdk.internal.md jdk.jartool jdk.javadoc jdk.jcmd jdk.management jdk.management.agent jdk.jconsole jdk.jdeps jdk.jdwp.agent jdk.jdi jdk.jfr jdk.jlink jdk.jpackage jdk.jshell jdk.jsobject jdk.jstatd jdk.localedata jdk.management.jfr jdk.naming.dns jdk.naming.rmi jdk.net jdk.nio.mapmode jdk.sctp jdk.security.auth jdk.security.jgss jdk.unsupported jdk.unsupported.desktop jdk.xml.dom" 
OS_ARCH="x86_64" 
OS_NAME="Windows" 
SOURCE=".:git:9e3c947043a4" 
BUILD_SOURCE="git:458965074606f027bd5afce2cfd5c1055dea0438"
BUILD_SOURCE_REPO="https://github.com/adoptium/temurin-build.git"
SOURCE_REPO="https://github.com/adoptium/jdk25u.git"
FULL_VERSION="25.0.2+10-LTS"
SEMANTIC_VERSION="25.0.2+10"
BUILD_INFO="OS: Windows Server 2022 Version: 10.0"
JVM_VARIANT="Hotspot"
JVM_VERSION="25.0.2+10-LTS"
IMAGE_TYPE="JDK"

Environment Variables:
JAVA_HOME=C:\Program Files\Apache NetBeans\jdk
JAVA_TOOL_OPTIONS= -Dsun.stdout.encoding=UTF-8 -Dsun.stderr.encoding=UTF-8
PATH=C:\Program Files\Common Files\Oracle\Java\javapath;C:\Program Files\Microsoft MPI\Bin\;C:\WINDOWS\system32;C:\WINDOWS;C:\WINDOWS\System32\Wbem;C:\WINDOWS\System32\WindowsPowerShell\v1.0\;C:\WINDOWS\System32\OpenSSH\;C:\Program Files\dotnet\;C:\Program Files\Microsoft SQL Server\Client SDK\ODBC\170\Tools\Binn\;C:\Program Files (x86)\Microsoft SQL Server\160\Tools\Binn\;C:\Program Files\Microsoft SQL Server\160\Tools\Binn\;C:\Program Files\Microsoft SQL Server\160\DTS\Binn\;C:\Program Files\Git\cmd;C:\Program Files\MySQL\MySQL Shell 8.0\bin\;C:\apache-maven-3.9.12\bin;C:\Users\alexp\AppData\Local\Programs\Microsoft VS Code\bin;C:\Program Files\Java\jdk-26\bin;C:\Users\alexp\AppData\Local\GitHubDesktop\bin;C:\Program Files\Apache NetBeans\bin\
USERNAME=alexp
OS=Windows_NT
PROCESSOR_IDENTIFIER=Intel64 Family 6 Model 190 Stepping 0, GenuineIntel
TMP=C:\Users\alexp\AppData\Local\Temp
TEMP=C:\Users\alexp\AppData\Local\Temp




Compilation memory statistics disabled.

Periodic native trim disabled

---------------  S Y S T E M  ---------------

OS:
 Windows 11 , 64 bit Build 26100 (10.0.26100.8246)
OS uptime: 0 days 1:12 hours

CPU: total 8 (initial active 8) (8 cores per cpu, 1 threads per core) family 6 model 190 stepping 0 microcode 0x15, cx8, cmov, fxsr, mmx, 3dnowpref, sse, sse2, sse3, ssse3, sse4.1, sse4.2, popcnt, lzcnt, tsc, tscinvbit, avx, avx2, aes, erms, clmul, bmi1, bmi2, adx, sha, fma, vzeroupper, clflush, clflushopt, clwb, serialize, rdtscp, rdpid, fsrm, gfni, f16c, pku, cet_ibt, cet_ss
Processor Information for processor 0
  Max Mhz: 1800, Current Mhz: 1500, Mhz Limit: 1800
Processor Information for processor 1
  Max Mhz: 1800, Current Mhz: 1500, Mhz Limit: 1800
Processor Information for processor 2
  Max Mhz: 1800, Current Mhz: 1500, Mhz Limit: 1800
Processor Information for processor 3
  Max Mhz: 1800, Current Mhz: 1500, Mhz Limit: 1800
Processor Information for processor 4
  Max Mhz: 1800, Current Mhz: 1500, Mhz Limit: 1800
Processor Information for processor 5
  Max Mhz: 1800, Current Mhz: 1800, Mhz Limit: 1800
Processor Information for processor 6
  Max Mhz: 1800, Current Mhz: 1500, Mhz Limit: 1800
Processor Information for processor 7
  Max Mhz: 1800, Current Mhz: 1800, Mhz Limit: 1800

Memory: 4k page, system-wide physical 7815M (709M free)
TotalPageFile size 9863M (AvailPageFile size 27M)
current process WorkingSet (physical memory assigned to process): 270M, peak: 284M
current process commit charge ("private bytes"): 407M, peak: 681M

vm_info: OpenJDK 64-Bit Server VM (25.0.2+10-LTS) for windows-amd64 JRE (25.0.2+10-LTS), built on 2026-01-20T00:00:00Z with MS VC++ 17.12 (VS2022)

END.
